<?xml version="1.0" encoding="UTF-8"?>
<robot generator="Robot 7.4.2 (Python 3.12.3 on win32)" generated="2026-05-27T16:55:06.126585" rpa="false" schemaversion="5">
<suite id="s1" name="Roboto" source="C:\Users\embrz\Desktop\PK\zadania\sem6\TO\slim_epc_public\tests\roboto">
<suite id="s1-s1" name="Tests" source="C:\Users\embrz\Desktop\PK\zadania\sem6\TO\slim_epc_public\tests\roboto\tests">
<suite id="s1-s1-s1" name="Bearer" source="C:\Users\embrz\Desktop\PK\zadania\sem6\TO\slim_epc_public\tests\roboto\tests\bearer">
<suite id="s1-s1-s1-s1" name="Add Bearer" source="C:\Users\embrz\Desktop\PK\zadania\sem6\TO\slim_epc_public\tests\roboto\tests\bearer\add_bearer.robot">
<test id="s1-s1-s1-s1-t1" name="01 Add bearer with valid UE ID and bearer ID" line="12">
<kw name="Attach UE With ID 1" owner="EPC_Common" source_name="Attach UE With ID ${ue_id}">
<kw name="Attach UE" owner="EPC_API">
<kw name="Create Dictionary" owner="BuiltIn">
<msg time="2026-05-27T16:55:06.608857" level="INFO">${body} = {'ue_id': '1'}</msg>
<var>${body}</var>
<arg>ue_id=${ue_id}</arg>
<doc>Creates and returns a dictionary based on the given ``items``.</doc>
<status status="PASS" start="2026-05-27T16:55:06.607786" elapsed="0.001071"/>
</kw>
<kw name="POST" owner="EPC_API">
<kw name="Request" owner="EpcRequests">
<msg time="2026-05-27T16:55:06.636821" level="INFO">${resp} = &lt;Response [200]&gt;</msg>
<var>${resp}</var>
<arg>POST</arg>
<arg>${BASE_URL}${endpoint}</arg>
<arg>${body}</arg>
<status status="PASS" start="2026-05-27T16:55:06.610882" elapsed="0.025939"/>
</kw>
<return>
<value>${resp}</value>
<status status="PASS" start="2026-05-27T16:55:06.636821" elapsed="0.000000"/>
</return>
<msg time="2026-05-27T16:55:06.637834" level="INFO">${resp} = &lt;Response [200]&gt;</msg>
<var>${resp}</var>
<arg>/ues</arg>
<arg>${body}</arg>
<doc>Sends a POST request to the EPC API with a JSON body.</doc>
<status status="PASS" start="2026-05-27T16:55:06.609856" elapsed="0.027978"/>
</kw>
<return>
<value>${resp}</value>
<status status="PASS" start="2026-05-27T16:55:06.637834" elapsed="0.001004"/>
</return>
<arg>${ue_id}</arg>
<doc>Attaches a UE to the EPC simulator.</doc>
<status status="PASS" start="2026-05-27T16:55:06.606267" elapsed="0.032571"/>
</kw>
<doc>Attaches a User Equipment (UE) to the network using the provided UE ID.</doc>
<status status="PASS" start="2026-05-27T16:55:06.605268" elapsed="0.033570"/>
</kw>
<kw name="Add Bearer With ID 2 To UE With ID 1 Response With OK" source_name="Add Bearer With ID ${bearer_id} To UE With ID ${ue_id} Response With OK">
<kw name="Add Bearer Should Response With" owner="EPC_Bearers_Keywords">
<kw name="Add Bearer" owner="EPC_API">
<kw name="Create Dictionary" owner="BuiltIn">
<msg time="2026-05-27T16:55:06.646915" level="INFO">${body} = {'bearer_id': '2'}</msg>
<var>${body}</var>
<arg>bearer_id=${bearer_id}</arg>
<doc>Creates and returns a dictionary based on the given ``items``.</doc>
<status status="PASS" start="2026-05-27T16:55:06.645412" elapsed="0.002015"/>
</kw>
<kw name="POST" owner="EPC_API">
<kw name="Request" owner="EpcRequests">
<msg time="2026-05-27T16:55:06.688688" level="INFO">${resp} = &lt;Response [200]&gt;</msg>
<var>${resp}</var>
<arg>POST</arg>
<arg>${BASE_URL}${endpoint}</arg>
<arg>${body}</arg>
<status status="PASS" start="2026-05-27T16:55:06.648441" elapsed="0.040247"/>
</kw>
<return>
<value>${resp}</value>
<status status="PASS" start="2026-05-27T16:55:06.688688" elapsed="0.000000"/>
</return>
<msg time="2026-05-27T16:55:06.689690" level="INFO">${resp} = &lt;Response [200]&gt;</msg>
<var>${resp}</var>
<arg>/ues/${ue_id}/bearers</arg>
<arg>${body}</arg>
<doc>Sends a POST request to the EPC API with a JSON body.</doc>
<status status="PASS" start="2026-05-27T16:55:06.647427" elapsed="0.042263"/>
</kw>
<return>
<value>${resp}</value>
<status status="PASS" start="2026-05-27T16:55:06.689690" elapsed="0.000000"/>
</return>
<msg time="2026-05-27T16:55:06.689690" level="INFO">${resp} = &lt;Response [200]&gt;</msg>
<var>${resp}</var>
<arg>${ue_id}</arg>
<arg>${bearer_id}</arg>
<doc>Adds a bearer to a UE.</doc>
<status status="PASS" start="2026-05-27T16:55:06.644398" elapsed="0.045292"/>
</kw>
<kw name="Should Be Equal As Integers" owner="BuiltIn">
<msg time="2026-05-27T16:55:06.692937" level="INFO">Argument types are:
&lt;class 'int'&gt;
&lt;class 'str'&gt;</msg>
<arg>${resp.status_code}</arg>
<arg>${expected_status}</arg>
<doc>Fails if objects are unequal after converting them to integers.</doc>
<status status="PASS" start="2026-05-27T16:55:06.690937" elapsed="0.002000"/>
</kw>
<arg>200</arg>
<arg>${ue_id}</arg>
<arg>${bearer_id}</arg>
<doc>Adds a bearer to the UE and asserts that the HTTP response status code matches the expected value.</doc>
<status status="PASS" start="2026-05-27T16:55:06.641868" elapsed="0.051069"/>
</kw>
<doc>Sends a request to add a bearer and asserts that the response status code is 200 (OK).</doc>
<status status="PASS" start="2026-05-27T16:55:06.640353" elapsed="0.053108"/>
</kw>
<kw name="UE With ID 1 Have Bearer With ID 2" owner="EPC_Bearers_Keywords" source_name="UE With ID ${ue_id} Have Bearer With ID ${bearer_id}">
<kw name="Get UE" owner="EPC_API">
<kw name="GET" owner="EPC_API">
<kw name="Request" owner="EpcRequests">
<msg time="2026-05-27T16:55:06.708062" level="INFO">${resp} = &lt;Response [200]&gt;</msg>
<var>${resp}</var>
<arg>GET</arg>
<arg>${BASE_URL}${endpoint}</arg>
<arg>${None}</arg>
<status status="PASS" start="2026-05-27T16:55:06.697514" elapsed="0.010548"/>
</kw>
<return>
<value>${resp}</value>
<status status="PASS" start="2026-05-27T16:55:06.708062" elapsed="0.000000"/>
</return>
<msg time="2026-05-27T16:55:06.708062" level="INFO">${resp} = &lt;Response [200]&gt;</msg>
<var>${resp}</var>
<arg>/ues/${ue_id}</arg>
<doc>Sends a GET request to the EPC API.</doc>
<status status="PASS" start="2026-05-27T16:55:06.695998" elapsed="0.012064"/>
</kw>
<return>
<value>${resp}</value>
<status status="PASS" start="2026-05-27T16:55:06.708062" elapsed="0.000000"/>
</return>
<msg time="2026-05-27T16:55:06.708062" level="INFO">${resp} = &lt;Response [200]&gt;</msg>
<var>${resp}</var>
<arg>${ue_id}</arg>
<doc>Retrieves information about a specific UE.</doc>
<status status="PASS" start="2026-05-27T16:55:06.694984" elapsed="0.013078"/>
</kw>
<kw name="Set Variable" owner="BuiltIn">
<msg time="2026-05-27T16:55:06.710623" level="INFO">${json_body} = {'ue_id': 1, 'bearers': {'9': {'bearer_id': 9, 'protocol': None, 'target_bps': None, 'active': False}, '2': {'bearer_id': 2, 'protocol': None, 'target_bps': None, 'active': False}}, 'stats': {}}</msg>
<var>${json_body}</var>
<arg>${resp.json()}</arg>
<doc>Returns the given values which can then be assigned to a variables.</doc>
<status status="PASS" start="2026-05-27T16:55:06.709609" elapsed="0.001014"/>
</kw>
<kw name="Dictionary Should Contain Key" owner="Collections">
<arg>${json_body}</arg>
<arg>bearers</arg>
<doc>Fails if ``key`` is not found from ``dictionary``.</doc>
<status status="PASS" start="2026-05-27T16:55:06.710623" elapsed="0.001137"/>
</kw>
<kw name="Get From Dictionary" owner="Collections">
<msg time="2026-05-27T16:55:06.712268" level="INFO">${bearers} = {'9': {'bearer_id': 9, 'protocol': None, 'target_bps': None, 'active': False}, '2': {'bearer_id': 2, 'protocol': None, 'target_bps': None, 'active': False}}</msg>
<var>${bearers}</var>
<arg>${json_body}</arg>
<arg>bearers</arg>
<doc>Returns a value from the given ``dictionary`` based on the given ``key``.</doc>
<status status="PASS" start="2026-05-27T16:55:06.711760" elapsed="0.000508"/>
</kw>
<kw name="Convert To String" owner="BuiltIn">
<msg time="2026-05-27T16:55:06.713281" level="INFO">${bearer_id_str} = 2</msg>
<var>${bearer_id_str}</var>
<arg>${bearer_id}</arg>
<doc>Converts the given item to a Unicode string.</doc>
<status status="PASS" start="2026-05-27T16:55:06.712268" elapsed="0.001013"/>
</kw>
<kw name="Dictionary Should Contain Key" owner="Collections">
<arg>${bearers}</arg>
<arg>${bearer_id_str}</arg>
<doc>Fails if ``key`` is not found from ``dictionary``.</doc>
<status status="PASS" start="2026-05-27T16:55:06.714282" elapsed="0.000000"/>
</kw>
<doc>Verifies that the specified UE currently has the given bearer ID in its list of active bearers.</doc>
<status status="PASS" start="2026-05-27T16:55:06.693461" elapsed="0.021330"/>
</kw>
<kw name="Reset EPC" owner="EPC_API" type="TEARDOWN">
<kw name="POST" owner="EPC_API">
<kw name="Request" owner="EpcRequests">
<msg time="2026-05-27T16:55:06.757183" level="INFO">${resp} = &lt;Response [200]&gt;</msg>
<var>${resp}</var>
<arg>POST</arg>
<arg>${BASE_URL}${endpoint}</arg>
<arg>${body}</arg>
<status status="PASS" start="2026-05-27T16:55:06.717321" elapsed="0.039862"/>
</kw>
<return>
<value>${resp}</value>
<status status="PASS" start="2026-05-27T16:55:06.757183" elapsed="0.000000"/>
</return>
<msg time="2026-05-27T16:55:06.757183" level="INFO">${resp} = &lt;Response [200]&gt;</msg>
<var>${resp}</var>
<arg>/reset</arg>
<arg>${None}</arg>
<doc>Sends a POST request to the EPC API with a JSON body.</doc>
<status status="PASS" start="2026-05-27T16:55:06.716302" elapsed="0.040881"/>
</kw>
<return>
<value>${resp}</value>
<status status="PASS" start="2026-05-27T16:55:06.757183" elapsed="0.000000"/>
</return>
<doc>Resets the entire EPC simulator, clearing all UEs and bearers.</doc>
<status status="PASS" start="2026-05-27T16:55:06.714791" elapsed="0.042392"/>
</kw>
<doc>Verify that a new bearer can be added to an attached UE when valid UE ID and bearer ID are provided.</doc>
<tag>add</tag>
<tag>bearer</tag>
<tag>positive</tag>
<status status="PASS" start="2026-05-27T16:55:06.601723" elapsed="0.157107"/>
</test>
<test id="s1-s1-s1-s1-t2" name="02 Add bearer response contain correct IDs and status" line="26">
<kw name="Attach UE With ID 1" owner="EPC_Common" source_name="Attach UE With ID ${ue_id}">
<kw name="Attach UE" owner="EPC_API">
<kw name="Create Dictionary" owner="BuiltIn">
<msg time="2026-05-27T16:55:06.763912" level="INFO">${body} = {'ue_id': '1'}</msg>
<var>${body}</var>
<arg>ue_id=${ue_id}</arg>
<doc>Creates and returns a dictionary based on the given ``items``.</doc>
<status status="PASS" start="2026-05-27T16:55:06.762370" elapsed="0.001542"/>
</kw>
<kw name="POST" owner="EPC_API">
<kw name="Request" owner="EpcRequests">
<msg time="2026-05-27T16:55:06.782638" level="INFO">${resp} = &lt;Response [200]&gt;</msg>
<var>${resp}</var>
<arg>POST</arg>
<arg>${BASE_URL}${endpoint}</arg>
<arg>${body}</arg>
<status status="PASS" start="2026-05-27T16:55:06.763912" elapsed="0.018726"/>
</kw>
<return>
<value>${resp}</value>
<status status="PASS" start="2026-05-27T16:55:06.783654" elapsed="0.000000"/>
</return>
<msg time="2026-05-27T16:55:06.783654" level="INFO">${resp} = &lt;Response [200]&gt;</msg>
<var>${resp}</var>
<arg>/ues</arg>
<arg>${body}</arg>
<doc>Sends a POST request to the EPC API with a JSON body.</doc>
<status status="PASS" start="2026-05-27T16:55:06.763912" elapsed="0.019742"/>
</kw>
<return>
<value>${resp}</value>
<status status="PASS" start="2026-05-27T16:55:06.783654" elapsed="0.000000"/>
</return>
<arg>${ue_id}</arg>
<doc>Attaches a UE to the EPC simulator.</doc>
<status status="PASS" start="2026-05-27T16:55:06.762370" elapsed="0.022301"/>
</kw>
<doc>Attaches a User Equipment (UE) to the network using the provided UE ID.</doc>
<status status="PASS" start="2026-05-27T16:55:06.761274" elapsed="0.023397"/>
</kw>
<kw name="Add Bearer With ID 2 To UE With ID 1 Response With Correct Values" source_name="Add Bearer With ID ${bearer_id} To UE With ID ${ue_id} Response With Correct Values">
<kw name="Add Bearer" owner="EPC_API">
<kw name="Create Dictionary" owner="BuiltIn">
<msg time="2026-05-27T16:55:06.787668" level="INFO">${body} = {'bearer_id': '2'}</msg>
<var>${body}</var>
<arg>bearer_id=${bearer_id}</arg>
<doc>Creates and returns a dictionary based on the given ``items``.</doc>
<status status="PASS" start="2026-05-27T16:55:06.786668" elapsed="0.001000"/>
</kw>
<kw name="POST" owner="EPC_API">
<kw name="Request" owner="EpcRequests">
<msg time="2026-05-27T16:55:06.810338" level="INFO">${resp} = &lt;Response [200]&gt;</msg>
<var>${resp}</var>
<arg>POST</arg>
<arg>${BASE_URL}${endpoint}</arg>
<arg>${body}</arg>
<status status="PASS" start="2026-05-27T16:55:06.789185" elapsed="0.021153"/>
</kw>
<return>
<value>${resp}</value>
<status status="PASS" start="2026-05-27T16:55:06.810338" elapsed="0.000000"/>
</return>
<msg time="2026-05-27T16:55:06.811353" level="INFO">${resp} = &lt;Response [200]&gt;</msg>
<var>${resp}</var>
<arg>/ues/${ue_id}/bearers</arg>
<arg>${body}</arg>
<doc>Sends a POST request to the EPC API with a JSON body.</doc>
<status status="PASS" start="2026-05-27T16:55:06.787668" elapsed="0.023685"/>
</kw>
<return>
<value>${resp}</value>
<status status="PASS" start="2026-05-27T16:55:06.811353" elapsed="0.000000"/>
</return>
<msg time="2026-05-27T16:55:06.811353" level="INFO">${add_resp} = &lt;Response [200]&gt;</msg>
<var>${add_resp}</var>
<arg>${ue_id}</arg>
<arg>${bearer_id}</arg>
<doc>Adds a bearer to a UE.</doc>
<status status="PASS" start="2026-05-27T16:55:06.785671" elapsed="0.025682"/>
</kw>
<kw name="Response JSON Field Should Be" owner="EPC_Assertions">
<kw name="Set Variable" owner="BuiltIn">
<msg time="2026-05-27T16:55:06.814687" level="INFO">${payload} = {'status': 'bearer_added', 'ue_id': 1, 'bearer_id': 2}</msg>
<var>${payload}</var>
<arg>${resp.json()}</arg>
<doc>Returns the given values which can then be assigned to a variables.</doc>
<status status="PASS" start="2026-05-27T16:55:06.813693" elapsed="0.000994"/>
</kw>
<kw name="Get From Dictionary" owner="Collections">
<msg time="2026-05-27T16:55:06.815880" level="INFO">${actual} = 1</msg>
<var>${actual}</var>
<arg>${payload}</arg>
<arg>${key}</arg>
<doc>Returns a value from the given ``dictionary`` based on the given ``key``.</doc>
<status status="PASS" start="2026-05-27T16:55:06.815880" elapsed="0.000000"/>
</kw>
<kw name="Should Be Equal As Strings" owner="BuiltIn">
<msg time="2026-05-27T16:55:06.816934" level="INFO">Argument types are:
&lt;class 'int'&gt;
&lt;class 'str'&gt;</msg>
<arg>${actual}</arg>
<arg>${expected}</arg>
<doc>Fails if objects are unequal after converting them to strings.</doc>
<status status="PASS" start="2026-05-27T16:55:06.816934" elapsed="0.000000"/>
</kw>
<arg>${add_resp}</arg>
<arg>ue_id</arg>
<arg>${ue_id}</arg>
<status status="PASS" start="2026-05-27T16:55:06.812694" elapsed="0.004240"/>
</kw>
<kw name="Response JSON Field Should Be" owner="EPC_Assertions">
<kw name="Set Variable" owner="BuiltIn">
<msg time="2026-05-27T16:55:06.820748" level="INFO">${payload} = {'status': 'bearer_added', 'ue_id': 1, 'bearer_id': 2}</msg>
<var>${payload}</var>
<arg>${resp.json()}</arg>
<doc>Returns the given values which can then be assigned to a variables.</doc>
<status status="PASS" start="2026-05-27T16:55:06.819273" elapsed="0.001475"/>
</kw>
<kw name="Get From Dictionary" owner="Collections">
<msg time="2026-05-27T16:55:06.822278" level="INFO">${actual} = 2</msg>
<var>${actual}</var>
<arg>${payload}</arg>
<arg>${key}</arg>
<doc>Returns a value from the given ``dictionary`` based on the given ``key``.</doc>
<status status="PASS" start="2026-05-27T16:55:06.821260" elapsed="0.001018"/>
</kw>
<kw name="Should Be Equal As Strings" owner="BuiltIn">
<msg time="2026-05-27T16:55:06.824296" level="INFO">Argument types are:
&lt;class 'int'&gt;
&lt;class 'str'&gt;</msg>
<arg>${actual}</arg>
<arg>${expected}</arg>
<doc>Fails if objects are unequal after converting them to strings.</doc>
<status status="PASS" start="2026-05-27T16:55:06.822278" elapsed="0.002018"/>
</kw>
<arg>${add_resp}</arg>
<arg>bearer_id</arg>
<arg>${bearer_id}</arg>
<status status="PASS" start="2026-05-27T16:55:06.818276" elapsed="0.006020"/>
</kw>
<kw name="Response JSON Field Should Be" owner="EPC_Assertions">
<kw name="Set Variable" owner="BuiltIn">
<msg time="2026-05-27T16:55:06.828274" level="INFO">${payload} = {'status': 'bearer_added', 'ue_id': 1, 'bearer_id': 2}</msg>
<var>${payload}</var>
<arg>${resp.json()}</arg>
<doc>Returns the given values which can then be assigned to a variables.</doc>
<status status="PASS" start="2026-05-27T16:55:06.825294" elapsed="0.002980"/>
</kw>
<kw name="Get From Dictionary" owner="Collections">
<msg time="2026-05-27T16:55:06.829418" level="INFO">${actual} = bearer_added</msg>
<var>${actual}</var>
<arg>${payload}</arg>
<arg>${key}</arg>
<doc>Returns a value from the given ``dictionary`` based on the given ``key``.</doc>
<status status="PASS" start="2026-05-27T16:55:06.829418" elapsed="0.000000"/>
</kw>
<kw name="Should Be Equal As Strings" owner="BuiltIn">
<arg>${actual}</arg>
<arg>${expected}</arg>
<doc>Fails if objects are unequal after converting them to strings.</doc>
<status status="PASS" start="2026-05-27T16:55:06.829418" elapsed="0.001333"/>
</kw>
<arg>${add_resp}</arg>
<arg>status</arg>
<arg>bearer_added</arg>
<status status="PASS" start="2026-05-27T16:55:06.825294" elapsed="0.005457"/>
</kw>
<doc>Adds a bearer and verifies that the JSON response fields match the expected UE ID, bearer ID, and status.</doc>
<status status="PASS" start="2026-05-27T16:55:06.785671" elapsed="0.045080"/>
</kw>
<kw name="Reset EPC" owner="EPC_API" type="TEARDOWN">
<kw name="POST" owner="EPC_API">
<kw name="Request" owner="EpcRequests">
<msg time="2026-05-27T16:55:06.850348" level="INFO">${resp} = &lt;Response [200]&gt;</msg>
<var>${resp}</var>
<arg>POST</arg>
<arg>${BASE_URL}${endpoint}</arg>
<arg>${body}</arg>
<status status="PASS" start="2026-05-27T16:55:06.832924" elapsed="0.017424"/>
</kw>
<return>
<value>${resp}</value>
<status status="PASS" start="2026-05-27T16:55:06.850348" elapsed="0.000000"/>
</return>
<msg time="2026-05-27T16:55:06.851339" level="INFO">${resp} = &lt;Response [200]&gt;</msg>
<var>${resp}</var>
<arg>/reset</arg>
<arg>${None}</arg>
<doc>Sends a POST request to the EPC API with a JSON body.</doc>
<status status="PASS" start="2026-05-27T16:55:06.832924" elapsed="0.018415"/>
</kw>
<return>
<value>${resp}</value>
<status status="PASS" start="2026-05-27T16:55:06.851339" elapsed="0.000000"/>
</return>
<doc>Resets the entire EPC simulator, clearing all UEs and bearers.</doc>
<status status="PASS" start="2026-05-27T16:55:06.831751" elapsed="0.019588"/>
</kw>
<doc>Verify that the response from adding a bearer contains the correct UE ID, bearer ID and Status.</doc>
<tag>add</tag>
<tag>bearer</tag>
<tag>positive</tag>
<tag>response</tag>
<status status="PASS" start="2026-05-27T16:55:06.760272" elapsed="0.091067"/>
</test>
<test id="s1-s1-s1-s1-t3" name="03 Add bearer lower boundary ID" line="37">
<kw name="Attach UE With ID 1" owner="EPC_Common" source_name="Attach UE With ID ${ue_id}">
<kw name="Attach UE" owner="EPC_API">
<kw name="Create Dictionary" owner="BuiltIn">
<msg time="2026-05-27T16:55:06.856266" level="INFO">${body} = {'ue_id': '1'}</msg>
<var>${body}</var>
<arg>ue_id=${ue_id}</arg>
<doc>Creates and returns a dictionary based on the given ``items``.</doc>
<status status="PASS" start="2026-05-27T16:55:06.856266" elapsed="0.001000"/>
</kw>
<kw name="POST" owner="EPC_API">
<kw name="Request" owner="EpcRequests">
<msg time="2026-05-27T16:55:06.875530" level="INFO">${resp} = &lt;Response [200]&gt;</msg>
<var>${resp}</var>
<arg>POST</arg>
<arg>${BASE_URL}${endpoint}</arg>
<arg>${body}</arg>
<status status="PASS" start="2026-05-27T16:55:06.857266" elapsed="0.018264"/>
</kw>
<return>
<value>${resp}</value>
<status status="PASS" start="2026-05-27T16:55:06.876543" elapsed="0.000000"/>
</return>
<msg time="2026-05-27T16:55:06.876543" level="INFO">${resp} = &lt;Response [200]&gt;</msg>
<var>${resp}</var>
<arg>/ues</arg>
<arg>${body}</arg>
<doc>Sends a POST request to the EPC API with a JSON body.</doc>
<status status="PASS" start="2026-05-27T16:55:06.857266" elapsed="0.019277"/>
</kw>
<return>
<value>${resp}</value>
<status status="PASS" start="2026-05-27T16:55:06.876543" elapsed="0.000000"/>
</return>
<arg>${ue_id}</arg>
<doc>Attaches a UE to the EPC simulator.</doc>
<status status="PASS" start="2026-05-27T16:55:06.855265" elapsed="0.021278"/>
</kw>
<doc>Attaches a User Equipment (UE) to the network using the provided UE ID.</doc>
<status status="PASS" start="2026-05-27T16:55:06.854266" elapsed="0.022277"/>
</kw>
<kw name="Add Bearer With ID 1 To UE With ID 1 Response With OK" source_name="Add Bearer With ID ${bearer_id} To UE With ID ${ue_id} Response With OK">
<kw name="Add Bearer Should Response With" owner="EPC_Bearers_Keywords">
<kw name="Add Bearer" owner="EPC_API">
<kw name="Create Dictionary" owner="BuiltIn">
<msg time="2026-05-27T16:55:06.881598" level="INFO">${body} = {'bearer_id': '1'}</msg>
<var>${body}</var>
<arg>bearer_id=${bearer_id}</arg>
<doc>Creates and returns a dictionary based on the given ``items``.</doc>
<status status="PASS" start="2026-05-27T16:55:06.880077" elapsed="0.001521"/>
</kw>
<kw name="POST" owner="EPC_API">
<kw name="Request" owner="EpcRequests">
<msg time="2026-05-27T16:55:06.901431" level="INFO">${resp} = &lt;Response [200]&gt;</msg>
<var>${resp}</var>
<arg>POST</arg>
<arg>${BASE_URL}${endpoint}</arg>
<arg>${body}</arg>
<status status="PASS" start="2026-05-27T16:55:06.882612" elapsed="0.018819"/>
</kw>
<return>
<value>${resp}</value>
<status status="PASS" start="2026-05-27T16:55:06.902883" elapsed="0.000000"/>
</return>
<msg time="2026-05-27T16:55:06.902883" level="INFO">${resp} = &lt;Response [200]&gt;</msg>
<var>${resp}</var>
<arg>/ues/${ue_id}/bearers</arg>
<arg>${body}</arg>
<doc>Sends a POST request to the EPC API with a JSON body.</doc>
<status status="PASS" start="2026-05-27T16:55:06.881598" elapsed="0.021285"/>
</kw>
<return>
<value>${resp}</value>
<status status="PASS" start="2026-05-27T16:55:06.902883" elapsed="0.000000"/>
</return>
<msg time="2026-05-27T16:55:06.902883" level="INFO">${resp} = &lt;Response [200]&gt;</msg>
<var>${resp}</var>
<arg>${ue_id}</arg>
<arg>${bearer_id}</arg>
<doc>Adds a bearer to a UE.</doc>
<status status="PASS" start="2026-05-27T16:55:06.879057" elapsed="0.023826"/>
</kw>
<kw name="Should Be Equal As Integers" owner="BuiltIn">
<msg time="2026-05-27T16:55:06.904885" level="INFO">Argument types are:
&lt;class 'int'&gt;
&lt;class 'str'&gt;</msg>
<arg>${resp.status_code}</arg>
<arg>${expected_status}</arg>
<doc>Fails if objects are unequal after converting them to integers.</doc>
<status status="PASS" start="2026-05-27T16:55:06.903877" elapsed="0.001008"/>
</kw>
<arg>200</arg>
<arg>${ue_id}</arg>
<arg>${bearer_id}</arg>
<doc>Adds a bearer to the UE and asserts that the HTTP response status code matches the expected value.</doc>
<status status="PASS" start="2026-05-27T16:55:06.877545" elapsed="0.027340"/>
</kw>
<doc>Sends a request to add a bearer and asserts that the response status code is 200 (OK).</doc>
<status status="PASS" start="2026-05-27T16:55:06.877545" elapsed="0.027340"/>
</kw>
<kw name="UE With ID 1 Have Bearer With ID 1" owner="EPC_Bearers_Keywords" source_name="UE With ID ${ue_id} Have Bearer With ID ${bearer_id}">
<kw name="Get UE" owner="EPC_API">
<kw name="GET" owner="EPC_API">
<kw name="Request" owner="EpcRequests">
<msg time="2026-05-27T16:55:06.918207" level="INFO">${resp} = &lt;Response [200]&gt;</msg>
<var>${resp}</var>
<arg>GET</arg>
<arg>${BASE_URL}${endpoint}</arg>
<arg>${None}</arg>
<status status="PASS" start="2026-05-27T16:55:06.907424" elapsed="0.011778"/>
</kw>
<return>
<value>${resp}</value>
<status status="PASS" start="2026-05-27T16:55:06.919202" elapsed="0.000000"/>
</return>
<msg time="2026-05-27T16:55:06.919202" level="INFO">${resp} = &lt;Response [200]&gt;</msg>
<var>${resp}</var>
<arg>/ues/${ue_id}</arg>
<doc>Sends a GET request to the EPC API.</doc>
<status status="PASS" start="2026-05-27T16:55:06.907424" elapsed="0.011778"/>
</kw>
<return>
<value>${resp}</value>
<status status="PASS" start="2026-05-27T16:55:06.919202" elapsed="0.000000"/>
</return>
<msg time="2026-05-27T16:55:06.920355" level="INFO">${resp} = &lt;Response [200]&gt;</msg>
<var>${resp}</var>
<arg>${ue_id}</arg>
<doc>Retrieves information about a specific UE.</doc>
<status status="PASS" start="2026-05-27T16:55:06.907424" elapsed="0.012931"/>
</kw>
<kw name="Set Variable" owner="BuiltIn">
<msg time="2026-05-27T16:55:06.921870" level="INFO">${json_body} = {'ue_id': 1, 'bearers': {'9': {'bearer_id': 9, 'protocol': None, 'target_bps': None, 'active': False}, '1': {'bearer_id': 1, 'protocol': None, 'target_bps': None, 'active': False}}, 'stats': {}}</msg>
<var>${json_body}</var>
<arg>${resp.json()}</arg>
<doc>Returns the given values which can then be assigned to a variables.</doc>
<status status="PASS" start="2026-05-27T16:55:06.921359" elapsed="0.000511"/>
</kw>
<kw name="Dictionary Should Contain Key" owner="Collections">
<arg>${json_body}</arg>
<arg>bearers</arg>
<doc>Fails if ``key`` is not found from ``dictionary``.</doc>
<status status="PASS" start="2026-05-27T16:55:06.921870" elapsed="0.001510"/>
</kw>
<kw name="Get From Dictionary" owner="Collections">
<msg time="2026-05-27T16:55:06.924396" level="INFO">${bearers} = {'9': {'bearer_id': 9, 'protocol': None, 'target_bps': None, 'active': False}, '1': {'bearer_id': 1, 'protocol': None, 'target_bps': None, 'active': False}}</msg>
<var>${bearers}</var>
<arg>${json_body}</arg>
<arg>bearers</arg>
<doc>Returns a value from the given ``dictionary`` based on the given ``key``.</doc>
<status status="PASS" start="2026-05-27T16:55:06.924396" elapsed="0.000000"/>
</kw>
<kw name="Convert To String" owner="BuiltIn">
<msg time="2026-05-27T16:55:06.925419" level="INFO">${bearer_id_str} = 1</msg>
<var>${bearer_id_str}</var>
<arg>${bearer_id}</arg>
<doc>Converts the given item to a Unicode string.</doc>
<status status="PASS" start="2026-05-27T16:55:06.924396" elapsed="0.001023"/>
</kw>
<kw name="Dictionary Should Contain Key" owner="Collections">
<arg>${bearers}</arg>
<arg>${bearer_id_str}</arg>
<doc>Fails if ``key`` is not found from ``dictionary``.</doc>
<status status="PASS" start="2026-05-27T16:55:06.925419" elapsed="0.000000"/>
</kw>
<doc>Verifies that the specified UE currently has the given bearer ID in its list of active bearers.</doc>
<status status="PASS" start="2026-05-27T16:55:06.906396" elapsed="0.019023"/>
</kw>
<kw name="Reset EPC" owner="EPC_API" type="TEARDOWN">
<kw name="POST" owner="EPC_API">
<kw name="Request" owner="EpcRequests">
<msg time="2026-05-27T16:55:06.947026" level="INFO">${resp} = &lt;Response [200]&gt;</msg>
<var>${resp}</var>
<arg>POST</arg>
<arg>${BASE_URL}${endpoint}</arg>
<arg>${body}</arg>
<status status="PASS" start="2026-05-27T16:55:06.927906" elapsed="0.019120"/>
</kw>
<return>
<value>${resp}</value>
<status status="PASS" start="2026-05-27T16:55:06.948669" elapsed="0.000000"/>
</return>
<msg time="2026-05-27T16:55:06.949190" level="INFO">${resp} = &lt;Response [200]&gt;</msg>
<var>${resp}</var>
<arg>/reset</arg>
<arg>${None}</arg>
<doc>Sends a POST request to the EPC API with a JSON body.</doc>
<status status="PASS" start="2026-05-27T16:55:06.927906" elapsed="0.021284"/>
</kw>
<return>
<value>${resp}</value>
<status status="PASS" start="2026-05-27T16:55:06.949190" elapsed="0.000000"/>
</return>
<doc>Resets the entire EPC simulator, clearing all UEs and bearers.</doc>
<status status="PASS" start="2026-05-27T16:55:06.926907" elapsed="0.022283"/>
</kw>
<doc>Verify adding a bearer with the lowest allowed ID (ID = 1).</doc>
<tag>add</tag>
<tag>bearer</tag>
<tag>boundary</tag>
<tag>positive</tag>
<status status="PASS" start="2026-05-27T16:55:06.853205" elapsed="0.097022"/>
</test>
<test id="s1-s1-s1-s1-t4" name="04 Add bearer upper boundary ID" line="51">
<kw name="Attach UE With ID 1" owner="EPC_Common" source_name="Attach UE With ID ${ue_id}">
<kw name="Attach UE" owner="EPC_API">
<kw name="Create Dictionary" owner="BuiltIn">
<msg time="2026-05-27T16:55:06.954825" level="INFO">${body} = {'ue_id': '1'}</msg>
<var>${body}</var>
<arg>ue_id=${ue_id}</arg>
<doc>Creates and returns a dictionary based on the given ``items``.</doc>
<status status="PASS" start="2026-05-27T16:55:06.953802" elapsed="0.001023"/>
</kw>
<kw name="POST" owner="EPC_API">
<kw name="Request" owner="EpcRequests">
<msg time="2026-05-27T16:55:06.976851" level="INFO">${resp} = &lt;Response [200]&gt;</msg>
<var>${resp}</var>
<arg>POST</arg>
<arg>${BASE_URL}${endpoint}</arg>
<arg>${body}</arg>
<status status="PASS" start="2026-05-27T16:55:06.954825" elapsed="0.022026"/>
</kw>
<return>
<value>${resp}</value>
<status status="PASS" start="2026-05-27T16:55:06.976851" elapsed="0.000000"/>
</return>
<msg time="2026-05-27T16:55:06.976851" level="INFO">${resp} = &lt;Response [200]&gt;</msg>
<var>${resp}</var>
<arg>/ues</arg>
<arg>${body}</arg>
<doc>Sends a POST request to the EPC API with a JSON body.</doc>
<status status="PASS" start="2026-05-27T16:55:06.954825" elapsed="0.022026"/>
</kw>
<return>
<value>${resp}</value>
<status status="PASS" start="2026-05-27T16:55:06.976851" elapsed="0.001018"/>
</return>
<arg>${ue_id}</arg>
<doc>Attaches a UE to the EPC simulator.</doc>
<status status="PASS" start="2026-05-27T16:55:06.952787" elapsed="0.025082"/>
</kw>
<doc>Attaches a User Equipment (UE) to the network using the provided UE ID.</doc>
<status status="PASS" start="2026-05-27T16:55:06.951203" elapsed="0.026666"/>
</kw>
<kw name="Add Bearer With ID 8 To UE With ID 1 Response With OK" source_name="Add Bearer With ID ${bearer_id} To UE With ID ${ue_id} Response With OK">
<kw name="Add Bearer Should Response With" owner="EPC_Bearers_Keywords">
<kw name="Add Bearer" owner="EPC_API">
<kw name="Create Dictionary" owner="BuiltIn">
<msg time="2026-05-27T16:55:06.982394" level="INFO">${body} = {'bearer_id': '8'}</msg>
<var>${body}</var>
<arg>bearer_id=${bearer_id}</arg>
<doc>Creates and returns a dictionary based on the given ``items``.</doc>
<status status="PASS" start="2026-05-27T16:55:06.979867" elapsed="0.002527"/>
</kw>
<kw name="POST" owner="EPC_API">
<kw name="Request" owner="EpcRequests">
<msg time="2026-05-27T16:55:07.003518" level="INFO">${resp} = &lt;Response [200]&gt;</msg>
<var>${resp}</var>
<arg>POST</arg>
<arg>${BASE_URL}${endpoint}</arg>
<arg>${body}</arg>
<status status="PASS" start="2026-05-27T16:55:06.983407" elapsed="0.020111"/>
</kw>
<return>
<value>${resp}</value>
<status status="PASS" start="2026-05-27T16:55:07.004528" elapsed="0.000000"/>
</return>
<msg time="2026-05-27T16:55:07.004528" level="INFO">${resp} = &lt;Response [200]&gt;</msg>
<var>${resp}</var>
<arg>/ues/${ue_id}/bearers</arg>
<arg>${body}</arg>
<doc>Sends a POST request to the EPC API with a JSON body.</doc>
<status status="PASS" start="2026-05-27T16:55:06.982394" elapsed="0.022134"/>
</kw>
<return>
<value>${resp}</value>
<status status="PASS" start="2026-05-27T16:55:07.004528" elapsed="0.000000"/>
</return>
<msg time="2026-05-27T16:55:07.004528" level="INFO">${resp} = &lt;Response [200]&gt;</msg>
<var>${resp}</var>
<arg>${ue_id}</arg>
<arg>${bearer_id}</arg>
<doc>Adds a bearer to a UE.</doc>
<status status="PASS" start="2026-05-27T16:55:06.979867" elapsed="0.024661"/>
</kw>
<kw name="Should Be Equal As Integers" owner="BuiltIn">
<msg time="2026-05-27T16:55:07.006818" level="INFO">Argument types are:
&lt;class 'int'&gt;
&lt;class 'str'&gt;</msg>
<arg>${resp.status_code}</arg>
<arg>${expected_status}</arg>
<doc>Fails if objects are unequal after converting them to integers.</doc>
<status status="PASS" start="2026-05-27T16:55:07.005825" elapsed="0.000993"/>
</kw>
<arg>200</arg>
<arg>${ue_id}</arg>
<arg>${bearer_id}</arg>
<doc>Adds a bearer to the UE and asserts that the HTTP response status code matches the expected value.</doc>
<status status="PASS" start="2026-05-27T16:55:06.978868" elapsed="0.027950"/>
</kw>
<doc>Sends a request to add a bearer and asserts that the response status code is 200 (OK).</doc>
<status status="PASS" start="2026-05-27T16:55:06.978868" elapsed="0.027950"/>
</kw>
<kw name="UE With ID 1 Have Bearer With ID 8" owner="EPC_Bearers_Keywords" source_name="UE With ID ${ue_id} Have Bearer With ID ${bearer_id}">
<kw name="Get UE" owner="EPC_API">
<kw name="GET" owner="EPC_API">
<kw name="Request" owner="EpcRequests">
<msg time="2026-05-27T16:55:07.020063" level="INFO">${resp} = &lt;Response [200]&gt;</msg>
<var>${resp}</var>
<arg>GET</arg>
<arg>${BASE_URL}${endpoint}</arg>
<arg>${None}</arg>
<status status="PASS" start="2026-05-27T16:55:07.008916" elapsed="0.011147"/>
</kw>
<return>
<value>${resp}</value>
<status status="PASS" start="2026-05-27T16:55:07.020063" elapsed="0.000000"/>
</return>
<msg time="2026-05-27T16:55:07.021100" level="INFO">${resp} = &lt;Response [200]&gt;</msg>
<var>${resp}</var>
<arg>/ues/${ue_id}</arg>
<doc>Sends a GET request to the EPC API.</doc>
<status status="PASS" start="2026-05-27T16:55:07.008916" elapsed="0.012184"/>
</kw>
<return>
<value>${resp}</value>
<status status="PASS" start="2026-05-27T16:55:07.021100" elapsed="0.000000"/>
</return>
<msg time="2026-05-27T16:55:07.021100" level="INFO">${resp} = &lt;Response [200]&gt;</msg>
<var>${resp}</var>
<arg>${ue_id}</arg>
<doc>Retrieves information about a specific UE.</doc>
<status status="PASS" start="2026-05-27T16:55:07.007936" elapsed="0.013164"/>
</kw>
<kw name="Set Variable" owner="BuiltIn">
<msg time="2026-05-27T16:55:07.022097" level="INFO">${json_body} = {'ue_id': 1, 'bearers': {'9': {'bearer_id': 9, 'protocol': None, 'target_bps': None, 'active': False}, '8': {'bearer_id': 8, 'protocol': None, 'target_bps': None, 'active': False}}, 'stats': {}}</msg>
<var>${json_body}</var>
<arg>${resp.json()}</arg>
<doc>Returns the given values which can then be assigned to a variables.</doc>
<status status="PASS" start="2026-05-27T16:55:07.021100" elapsed="0.000997"/>
</kw>
<kw name="Dictionary Should Contain Key" owner="Collections">
<arg>${json_body}</arg>
<arg>bearers</arg>
<doc>Fails if ``key`` is not found from ``dictionary``.</doc>
<status status="PASS" start="2026-05-27T16:55:07.022097" elapsed="0.001533"/>
</kw>
<kw name="Get From Dictionary" owner="Collections">
<msg time="2026-05-27T16:55:07.024280" level="INFO">${bearers} = {'9': {'bearer_id': 9, 'protocol': None, 'target_bps': None, 'active': False}, '8': {'bearer_id': 8, 'protocol': None, 'target_bps': None, 'active': False}}</msg>
<var>${bearers}</var>
<arg>${json_body}</arg>
<arg>bearers</arg>
<doc>Returns a value from the given ``dictionary`` based on the given ``key``.</doc>
<status status="PASS" start="2026-05-27T16:55:07.023630" elapsed="0.000650"/>
</kw>
<kw name="Convert To String" owner="BuiltIn">
<msg time="2026-05-27T16:55:07.025829" level="INFO">${bearer_id_str} = 8</msg>
<var>${bearer_id_str}</var>
<arg>${bearer_id}</arg>
<doc>Converts the given item to a Unicode string.</doc>
<status status="PASS" start="2026-05-27T16:55:07.024280" elapsed="0.001549"/>
</kw>
<kw name="Dictionary Should Contain Key" owner="Collections">
<arg>${bearers}</arg>
<arg>${bearer_id_str}</arg>
<doc>Fails if ``key`` is not found from ``dictionary``.</doc>
<status status="PASS" start="2026-05-27T16:55:07.025829" elapsed="0.000000"/>
</kw>
<doc>Verifies that the specified UE currently has the given bearer ID in its list of active bearers.</doc>
<status status="PASS" start="2026-05-27T16:55:07.007936" elapsed="0.017893"/>
</kw>
<kw name="Reset EPC" owner="EPC_API" type="TEARDOWN">
<kw name="POST" owner="EPC_API">
<kw name="Request" owner="EpcRequests">
<msg time="2026-05-27T16:55:07.053890" level="INFO">${resp} = &lt;Response [200]&gt;</msg>
<var>${resp}</var>
<arg>POST</arg>
<arg>${BASE_URL}${endpoint}</arg>
<arg>${body}</arg>
<status status="PASS" start="2026-05-27T16:55:07.029150" elapsed="0.024740"/>
</kw>
<return>
<value>${resp}</value>
<status status="PASS" start="2026-05-27T16:55:07.053890" elapsed="0.001250"/>
</return>
<msg time="2026-05-27T16:55:07.055140" level="INFO">${resp} = &lt;Response [200]&gt;</msg>
<var>${resp}</var>
<arg>/reset</arg>
<arg>${None}</arg>
<doc>Sends a POST request to the EPC API with a JSON body.</doc>
<status status="PASS" start="2026-05-27T16:55:07.028157" elapsed="0.026983"/>
</kw>
<return>
<value>${resp}</value>
<status status="PASS" start="2026-05-27T16:55:07.055140" elapsed="0.000000"/>
</return>
<doc>Resets the entire EPC simulator, clearing all UEs and bearers.</doc>
<status status="PASS" start="2026-05-27T16:55:07.027137" elapsed="0.028003"/>
</kw>
<doc>Verify adding a bearer with the highest allowed ID bearers (ID = 8).</doc>
<tag>add</tag>
<tag>bearer</tag>
<tag>boundary</tag>
<tag>positive</tag>
<status status="PASS" start="2026-05-27T16:55:06.951203" elapsed="0.104948"/>
</test>
<test id="s1-s1-s1-s1-t5" name="05 Add all bearers in the allowed range" line="65">
<kw name="Attach UE With ID 1" owner="EPC_Common" source_name="Attach UE With ID ${ue_id}">
<kw name="Attach UE" owner="EPC_API">
<kw name="Create Dictionary" owner="BuiltIn">
<msg time="2026-05-27T16:55:07.060336" level="INFO">${body} = {'ue_id': '1'}</msg>
<var>${body}</var>
<arg>ue_id=${ue_id}</arg>
<doc>Creates and returns a dictionary based on the given ``items``.</doc>
<status status="PASS" start="2026-05-27T16:55:07.058801" elapsed="0.001535"/>
</kw>
<kw name="POST" owner="EPC_API">
<kw name="Request" owner="EpcRequests">
<msg time="2026-05-27T16:55:07.080249" level="INFO">${resp} = &lt;Response [200]&gt;</msg>
<var>${resp}</var>
<arg>POST</arg>
<arg>${BASE_URL}${endpoint}</arg>
<arg>${body}</arg>
<status status="PASS" start="2026-05-27T16:55:07.061367" elapsed="0.018882"/>
</kw>
<return>
<value>${resp}</value>
<status status="PASS" start="2026-05-27T16:55:07.080249" elapsed="0.000000"/>
</return>
<msg time="2026-05-27T16:55:07.080249" level="INFO">${resp} = &lt;Response [200]&gt;</msg>
<var>${resp}</var>
<arg>/ues</arg>
<arg>${body}</arg>
<doc>Sends a POST request to the EPC API with a JSON body.</doc>
<status status="PASS" start="2026-05-27T16:55:07.060336" elapsed="0.019913"/>
</kw>
<return>
<value>${resp}</value>
<status status="PASS" start="2026-05-27T16:55:07.080249" elapsed="0.000000"/>
</return>
<arg>${ue_id}</arg>
<doc>Attaches a UE to the EPC simulator.</doc>
<status status="PASS" start="2026-05-27T16:55:07.058801" elapsed="0.022964"/>
</kw>
<doc>Attaches a User Equipment (UE) to the network using the provided UE ID.</doc>
<status status="PASS" start="2026-05-27T16:55:07.058801" elapsed="0.022964"/>
</kw>
<kw name="Add All Bearers In Allowed Range To UE With ID 1" source_name="Add All Bearers In Allowed Range To UE With ID ${ue_id}">
<for flavor="IN RANGE">
<iter>
<kw name="Add Bearer With ID ${id} To UE With ID ${ue_id}" owner="EPC_Common" source_name="Add Bearer With ID ${bearer_id} To UE With ID ${ue_id}">
<kw name="Add Bearer" owner="EPC_API">
<kw name="Create Dictionary" owner="BuiltIn">
<msg time="2026-05-27T16:55:07.086540" level="INFO">${body} = {'bearer_id': 1}</msg>
<var>${body}</var>
<arg>bearer_id=${bearer_id}</arg>
<doc>Creates and returns a dictionary based on the given ``items``.</doc>
<status status="PASS" start="2026-05-27T16:55:07.085344" elapsed="0.001196"/>
</kw>
<kw name="POST" owner="EPC_API">
<kw name="Request" owner="EpcRequests">
<msg time="2026-05-27T16:55:07.110421" level="INFO">${resp} = &lt;Response [200]&gt;</msg>
<var>${resp}</var>
<arg>POST</arg>
<arg>${BASE_URL}${endpoint}</arg>
<arg>${body}</arg>
<status status="PASS" start="2026-05-27T16:55:07.088086" elapsed="0.022335"/>
</kw>
<return>
<value>${resp}</value>
<status status="PASS" start="2026-05-27T16:55:07.110937" elapsed="0.000000"/>
</return>
<msg time="2026-05-27T16:55:07.110937" level="INFO">${resp} = &lt;Response [200]&gt;</msg>
<var>${resp}</var>
<arg>/ues/${ue_id}/bearers</arg>
<arg>${body}</arg>
<doc>Sends a POST request to the EPC API with a JSON body.</doc>
<status status="PASS" start="2026-05-27T16:55:07.086540" elapsed="0.024397"/>
</kw>
<return>
<value>${resp}</value>
<status status="PASS" start="2026-05-27T16:55:07.110937" elapsed="0.000000"/>
</return>
<msg time="2026-05-27T16:55:07.110937" level="INFO">${resp} = &lt;Response [200]&gt;</msg>
<var>${resp}</var>
<arg>${ue_id}</arg>
<arg>${bearer_id}</arg>
<doc>Adds a bearer to a UE.</doc>
<status status="PASS" start="2026-05-27T16:55:07.085344" elapsed="0.025593"/>
</kw>
<doc>Adds a dedicated bearer with the specified bearer ID to the given UE.</doc>
<status status="PASS" start="2026-05-27T16:55:07.084294" elapsed="0.026643"/>
</kw>
<var name="${id}">1</var>
<status status="PASS" start="2026-05-27T16:55:07.082778" elapsed="0.029316"/>
</iter>
<iter>
<kw name="Add Bearer With ID ${id} To UE With ID ${ue_id}" owner="EPC_Common" source_name="Add Bearer With ID ${bearer_id} To UE With ID ${ue_id}">
<kw name="Add Bearer" owner="EPC_API">
<kw name="Create Dictionary" owner="BuiltIn">
<msg time="2026-05-27T16:55:07.116282" level="INFO">${body} = {'bearer_id': 2}</msg>
<var>${body}</var>
<arg>bearer_id=${bearer_id}</arg>
<doc>Creates and returns a dictionary based on the given ``items``.</doc>
<status status="PASS" start="2026-05-27T16:55:07.114770" elapsed="0.001512"/>
</kw>
<kw name="POST" owner="EPC_API">
<kw name="Request" owner="EpcRequests">
<msg time="2026-05-27T16:55:07.139708" level="INFO">${resp} = &lt;Response [200]&gt;</msg>
<var>${resp}</var>
<arg>POST</arg>
<arg>${BASE_URL}${endpoint}</arg>
<arg>${body}</arg>
<status status="PASS" start="2026-05-27T16:55:07.117577" elapsed="0.022131"/>
</kw>
<return>
<value>${resp}</value>
<status status="PASS" start="2026-05-27T16:55:07.139708" elapsed="0.001531"/>
</return>
<msg time="2026-05-27T16:55:07.141239" level="INFO">${resp} = &lt;Response [200]&gt;</msg>
<var>${resp}</var>
<arg>/ues/${ue_id}/bearers</arg>
<arg>${body}</arg>
<doc>Sends a POST request to the EPC API with a JSON body.</doc>
<status status="PASS" start="2026-05-27T16:55:07.116282" elapsed="0.024957"/>
</kw>
<return>
<value>${resp}</value>
<status status="PASS" start="2026-05-27T16:55:07.141239" elapsed="0.000000"/>
</return>
<msg time="2026-05-27T16:55:07.141239" level="INFO">${resp} = &lt;Response [200]&gt;</msg>
<var>${resp}</var>
<arg>${ue_id}</arg>
<arg>${bearer_id}</arg>
<doc>Adds a bearer to a UE.</doc>
<status status="PASS" start="2026-05-27T16:55:07.114770" elapsed="0.026469"/>
</kw>
<doc>Adds a dedicated bearer with the specified bearer ID to the given UE.</doc>
<status status="PASS" start="2026-05-27T16:55:07.112094" elapsed="0.029145"/>
</kw>
<var name="${id}">2</var>
<status status="PASS" start="2026-05-27T16:55:07.112094" elapsed="0.029145"/>
</iter>
<iter>
<kw name="Add Bearer With ID ${id} To UE With ID ${ue_id}" owner="EPC_Common" source_name="Add Bearer With ID ${bearer_id} To UE With ID ${ue_id}">
<kw name="Add Bearer" owner="EPC_API">
<kw name="Create Dictionary" owner="BuiltIn">
<msg time="2026-05-27T16:55:07.144256" level="INFO">${body} = {'bearer_id': 3}</msg>
<var>${body}</var>
<arg>bearer_id=${bearer_id}</arg>
<doc>Creates and returns a dictionary based on the given ``items``.</doc>
<status status="PASS" start="2026-05-27T16:55:07.144256" elapsed="0.000000"/>
</kw>
<kw name="POST" owner="EPC_API">
<kw name="Request" owner="EpcRequests">
<msg time="2026-05-27T16:55:07.163427" level="INFO">${resp} = &lt;Response [200]&gt;</msg>
<var>${resp}</var>
<arg>POST</arg>
<arg>${BASE_URL}${endpoint}</arg>
<arg>${body}</arg>
<status status="PASS" start="2026-05-27T16:55:07.144256" elapsed="0.019171"/>
</kw>
<return>
<value>${resp}</value>
<status status="PASS" start="2026-05-27T16:55:07.163427" elapsed="0.000000"/>
</return>
<msg time="2026-05-27T16:55:07.164406" level="INFO">${resp} = &lt;Response [200]&gt;</msg>
<var>${resp}</var>
<arg>/ues/${ue_id}/bearers</arg>
<arg>${body}</arg>
<doc>Sends a POST request to the EPC API with a JSON body.</doc>
<status status="PASS" start="2026-05-27T16:55:07.144256" elapsed="0.020150"/>
</kw>
<return>
<value>${resp}</value>
<status status="PASS" start="2026-05-27T16:55:07.164406" elapsed="0.000000"/>
</return>
<msg time="2026-05-27T16:55:07.164406" level="INFO">${resp} = &lt;Response [200]&gt;</msg>
<var>${resp}</var>
<arg>${ue_id}</arg>
<arg>${bearer_id}</arg>
<doc>Adds a bearer to a UE.</doc>
<status status="PASS" start="2026-05-27T16:55:07.143273" elapsed="0.021133"/>
</kw>
<doc>Adds a dedicated bearer with the specified bearer ID to the given UE.</doc>
<status status="PASS" start="2026-05-27T16:55:07.142259" elapsed="0.022147"/>
</kw>
<var name="${id}">3</var>
<status status="PASS" start="2026-05-27T16:55:07.142259" elapsed="0.022147"/>
</iter>
<iter>
<kw name="Add Bearer With ID ${id} To UE With ID ${ue_id}" owner="EPC_Common" source_name="Add Bearer With ID ${bearer_id} To UE With ID ${ue_id}">
<kw name="Add Bearer" owner="EPC_API">
<kw name="Create Dictionary" owner="BuiltIn">
<msg time="2026-05-27T16:55:07.166922" level="INFO">${body} = {'bearer_id': 4}</msg>
<var>${body}</var>
<arg>bearer_id=${bearer_id}</arg>
<doc>Creates and returns a dictionary based on the given ``items``.</doc>
<status status="PASS" start="2026-05-27T16:55:07.166922" elapsed="0.000000"/>
</kw>
<kw name="POST" owner="EPC_API">
<kw name="Request" owner="EpcRequests">
<msg time="2026-05-27T16:55:07.187496" level="INFO">${resp} = &lt;Response [200]&gt;</msg>
<var>${resp}</var>
<arg>POST</arg>
<arg>${BASE_URL}${endpoint}</arg>
<arg>${body}</arg>
<status status="PASS" start="2026-05-27T16:55:07.167940" elapsed="0.019556"/>
</kw>
<return>
<value>${resp}</value>
<status status="PASS" start="2026-05-27T16:55:07.187496" elapsed="0.000000"/>
</return>
<msg time="2026-05-27T16:55:07.187496" level="INFO">${resp} = &lt;Response [200]&gt;</msg>
<var>${resp}</var>
<arg>/ues/${ue_id}/bearers</arg>
<arg>${body}</arg>
<doc>Sends a POST request to the EPC API with a JSON body.</doc>
<status status="PASS" start="2026-05-27T16:55:07.167940" elapsed="0.019556"/>
</kw>
<return>
<value>${resp}</value>
<status status="PASS" start="2026-05-27T16:55:07.187496" elapsed="0.000000"/>
</return>
<msg time="2026-05-27T16:55:07.188495" level="INFO">${resp} = &lt;Response [200]&gt;</msg>
<var>${resp}</var>
<arg>${ue_id}</arg>
<arg>${bearer_id}</arg>
<doc>Adds a bearer to a UE.</doc>
<status status="PASS" start="2026-05-27T16:55:07.165410" elapsed="0.023085"/>
</kw>
<doc>Adds a dedicated bearer with the specified bearer ID to the given UE.</doc>
<status status="PASS" start="2026-05-27T16:55:07.165410" elapsed="0.023085"/>
</kw>
<var name="${id}">4</var>
<status status="PASS" start="2026-05-27T16:55:07.164406" elapsed="0.024089"/>
</iter>
<iter>
<kw name="Add Bearer With ID ${id} To UE With ID ${ue_id}" owner="EPC_Common" source_name="Add Bearer With ID ${bearer_id} To UE With ID ${ue_id}">
<kw name="Add Bearer" owner="EPC_API">
<kw name="Create Dictionary" owner="BuiltIn">
<msg time="2026-05-27T16:55:07.191017" level="INFO">${body} = {'bearer_id': 5}</msg>
<var>${body}</var>
<arg>bearer_id=${bearer_id}</arg>
<doc>Creates and returns a dictionary based on the given ``items``.</doc>
<status status="PASS" start="2026-05-27T16:55:07.190004" elapsed="0.001013"/>
</kw>
<kw name="POST" owner="EPC_API">
<kw name="Request" owner="EpcRequests">
<msg time="2026-05-27T16:55:07.209471" level="INFO">${resp} = &lt;Response [200]&gt;</msg>
<var>${resp}</var>
<arg>POST</arg>
<arg>${BASE_URL}${endpoint}</arg>
<arg>${body}</arg>
<status status="PASS" start="2026-05-27T16:55:07.192016" elapsed="0.017455"/>
</kw>
<return>
<value>${resp}</value>
<status status="PASS" start="2026-05-27T16:55:07.209471" elapsed="0.000000"/>
</return>
<msg time="2026-05-27T16:55:07.210679" level="INFO">${resp} = &lt;Response [200]&gt;</msg>
<var>${resp}</var>
<arg>/ues/${ue_id}/bearers</arg>
<arg>${body}</arg>
<doc>Sends a POST request to the EPC API with a JSON body.</doc>
<status status="PASS" start="2026-05-27T16:55:07.191017" elapsed="0.019662"/>
</kw>
<return>
<value>${resp}</value>
<status status="PASS" start="2026-05-27T16:55:07.210679" elapsed="0.000000"/>
</return>
<msg time="2026-05-27T16:55:07.210679" level="INFO">${resp} = &lt;Response [200]&gt;</msg>
<var>${resp}</var>
<arg>${ue_id}</arg>
<arg>${bearer_id}</arg>
<doc>Adds a bearer to a UE.</doc>
<status status="PASS" start="2026-05-27T16:55:07.190004" elapsed="0.021688"/>
</kw>
<doc>Adds a dedicated bearer with the specified bearer ID to the given UE.</doc>
<status status="PASS" start="2026-05-27T16:55:07.189494" elapsed="0.022198"/>
</kw>
<var name="${id}">5</var>
<status status="PASS" start="2026-05-27T16:55:07.188495" elapsed="0.023197"/>
</iter>
<iter>
<kw name="Add Bearer With ID ${id} To UE With ID ${ue_id}" owner="EPC_Common" source_name="Add Bearer With ID ${bearer_id} To UE With ID ${ue_id}">
<kw name="Add Bearer" owner="EPC_API">
<kw name="Create Dictionary" owner="BuiltIn">
<msg time="2026-05-27T16:55:07.215037" level="INFO">${body} = {'bearer_id': 6}</msg>
<var>${body}</var>
<arg>bearer_id=${bearer_id}</arg>
<doc>Creates and returns a dictionary based on the given ``items``.</doc>
<status status="PASS" start="2026-05-27T16:55:07.214025" elapsed="0.001012"/>
</kw>
<kw name="POST" owner="EPC_API">
<kw name="Request" owner="EpcRequests">
<msg time="2026-05-27T16:55:07.234147" level="INFO">${resp} = &lt;Response [200]&gt;</msg>
<var>${resp}</var>
<arg>POST</arg>
<arg>${BASE_URL}${endpoint}</arg>
<arg>${body}</arg>
<status status="PASS" start="2026-05-27T16:55:07.216032" elapsed="0.018115"/>
</kw>
<return>
<value>${resp}</value>
<status status="PASS" start="2026-05-27T16:55:07.234147" elapsed="0.000000"/>
</return>
<msg time="2026-05-27T16:55:07.235115" level="INFO">${resp} = &lt;Response [200]&gt;</msg>
<var>${resp}</var>
<arg>/ues/${ue_id}/bearers</arg>
<arg>${body}</arg>
<doc>Sends a POST request to the EPC API with a JSON body.</doc>
<status status="PASS" start="2026-05-27T16:55:07.215037" elapsed="0.020078"/>
</kw>
<return>
<value>${resp}</value>
<status status="PASS" start="2026-05-27T16:55:07.235115" elapsed="0.000000"/>
</return>
<msg time="2026-05-27T16:55:07.235115" level="INFO">${resp} = &lt;Response [200]&gt;</msg>
<var>${resp}</var>
<arg>${ue_id}</arg>
<arg>${bearer_id}</arg>
<doc>Adds a bearer to a UE.</doc>
<status status="PASS" start="2026-05-27T16:55:07.213026" elapsed="0.022089"/>
</kw>
<doc>Adds a dedicated bearer with the specified bearer ID to the given UE.</doc>
<status status="PASS" start="2026-05-27T16:55:07.211692" elapsed="0.023423"/>
</kw>
<var name="${id}">6</var>
<status status="PASS" start="2026-05-27T16:55:07.211692" elapsed="0.023423"/>
</iter>
<iter>
<kw name="Add Bearer With ID ${id} To UE With ID ${ue_id}" owner="EPC_Common" source_name="Add Bearer With ID ${bearer_id} To UE With ID ${ue_id}">
<kw name="Add Bearer" owner="EPC_API">
<kw name="Create Dictionary" owner="BuiltIn">
<msg time="2026-05-27T16:55:07.239135" level="INFO">${body} = {'bearer_id': 7}</msg>
<var>${body}</var>
<arg>bearer_id=${bearer_id}</arg>
<doc>Creates and returns a dictionary based on the given ``items``.</doc>
<status status="PASS" start="2026-05-27T16:55:07.237619" elapsed="0.001516"/>
</kw>
<kw name="POST" owner="EPC_API">
<kw name="Request" owner="EpcRequests">
<msg time="2026-05-27T16:55:07.260686" level="INFO">${resp} = &lt;Response [200]&gt;</msg>
<var>${resp}</var>
<arg>POST</arg>
<arg>${BASE_URL}${endpoint}</arg>
<arg>${body}</arg>
<status status="PASS" start="2026-05-27T16:55:07.240160" elapsed="0.020526"/>
</kw>
<return>
<value>${resp}</value>
<status status="PASS" start="2026-05-27T16:55:07.260686" elapsed="0.000000"/>
</return>
<msg time="2026-05-27T16:55:07.261724" level="INFO">${resp} = &lt;Response [200]&gt;</msg>
<var>${resp}</var>
<arg>/ues/${ue_id}/bearers</arg>
<arg>${body}</arg>
<doc>Sends a POST request to the EPC API with a JSON body.</doc>
<status status="PASS" start="2026-05-27T16:55:07.240160" elapsed="0.021564"/>
</kw>
<return>
<value>${resp}</value>
<status status="PASS" start="2026-05-27T16:55:07.261724" elapsed="0.000000"/>
</return>
<msg time="2026-05-27T16:55:07.261724" level="INFO">${resp} = &lt;Response [200]&gt;</msg>
<var>${resp}</var>
<arg>${ue_id}</arg>
<arg>${bearer_id}</arg>
<doc>Adds a bearer to a UE.</doc>
<status status="PASS" start="2026-05-27T16:55:07.237105" elapsed="0.024619"/>
</kw>
<doc>Adds a dedicated bearer with the specified bearer ID to the given UE.</doc>
<status status="PASS" start="2026-05-27T16:55:07.236113" elapsed="0.025611"/>
</kw>
<var name="${id}">7</var>
<status status="PASS" start="2026-05-27T16:55:07.236113" elapsed="0.025611"/>
</iter>
<iter>
<kw name="Add Bearer With ID ${id} To UE With ID ${ue_id}" owner="EPC_Common" source_name="Add Bearer With ID ${bearer_id} To UE With ID ${ue_id}">
<kw name="Add Bearer" owner="EPC_API">
<kw name="Create Dictionary" owner="BuiltIn">
<msg time="2026-05-27T16:55:07.264785" level="INFO">${body} = {'bearer_id': 8}</msg>
<var>${body}</var>
<arg>bearer_id=${bearer_id}</arg>
<doc>Creates and returns a dictionary based on the given ``items``.</doc>
<status status="PASS" start="2026-05-27T16:55:07.263247" elapsed="0.001538"/>
</kw>
<kw name="POST" owner="EPC_API">
<kw name="Request" owner="EpcRequests">
<msg time="2026-05-27T16:55:07.285276" level="INFO">${resp} = &lt;Response [200]&gt;</msg>
<var>${resp}</var>
<arg>POST</arg>
<arg>${BASE_URL}${endpoint}</arg>
<arg>${body}</arg>
<status status="PASS" start="2026-05-27T16:55:07.265809" elapsed="0.019467"/>
</kw>
<return>
<value>${resp}</value>
<status status="PASS" start="2026-05-27T16:55:07.285276" elapsed="0.000000"/>
</return>
<msg time="2026-05-27T16:55:07.285276" level="INFO">${resp} = &lt;Response [200]&gt;</msg>
<var>${resp}</var>
<arg>/ues/${ue_id}/bearers</arg>
<arg>${body}</arg>
<doc>Sends a POST request to the EPC API with a JSON body.</doc>
<status status="PASS" start="2026-05-27T16:55:07.264785" elapsed="0.020491"/>
</kw>
<return>
<value>${resp}</value>
<status status="PASS" start="2026-05-27T16:55:07.286461" elapsed="0.000000"/>
</return>
<msg time="2026-05-27T16:55:07.286461" level="INFO">${resp} = &lt;Response [200]&gt;</msg>
<var>${resp}</var>
<arg>${ue_id}</arg>
<arg>${bearer_id}</arg>
<doc>Adds a bearer to a UE.</doc>
<status status="PASS" start="2026-05-27T16:55:07.263247" elapsed="0.023214"/>
</kw>
<doc>Adds a dedicated bearer with the specified bearer ID to the given UE.</doc>
<status status="PASS" start="2026-05-27T16:55:07.262731" elapsed="0.023730"/>
</kw>
<var name="${id}">8</var>
<status status="PASS" start="2026-05-27T16:55:07.261724" elapsed="0.024737"/>
</iter>
<var>${id}</var>
<value>1</value>
<value>9</value>
<status status="PASS" start="2026-05-27T16:55:07.082778" elapsed="0.203683"/>
</for>
<doc>Add bearers with ID range from 1 to 8, to UE with given ID.</doc>
<status status="PASS" start="2026-05-27T16:55:07.082778" elapsed="0.204677"/>
</kw>
<kw name="UE With ID 1 Have Exacly 9 Bearers" owner="EPC_Bearers_Keywords" source_name="UE With ID ${ue_id} Have Exacly ${bearers_count} Bearers">
<kw name="Get UE" owner="EPC_API">
<kw name="GET" owner="EPC_API">
<kw name="Request" owner="EpcRequests">
<msg time="2026-05-27T16:55:07.299608" level="INFO">${resp} = &lt;Response [200]&gt;</msg>
<var>${resp}</var>
<arg>GET</arg>
<arg>${BASE_URL}${endpoint}</arg>
<arg>${None}</arg>
<status status="PASS" start="2026-05-27T16:55:07.289475" elapsed="0.010133"/>
</kw>
<return>
<value>${resp}</value>
<status status="PASS" start="2026-05-27T16:55:07.299608" elapsed="0.000000"/>
</return>
<msg time="2026-05-27T16:55:07.299608" level="INFO">${resp} = &lt;Response [200]&gt;</msg>
<var>${resp}</var>
<arg>/ues/${ue_id}</arg>
<doc>Sends a GET request to the EPC API.</doc>
<status status="PASS" start="2026-05-27T16:55:07.289475" elapsed="0.010133"/>
</kw>
<return>
<value>${resp}</value>
<status status="PASS" start="2026-05-27T16:55:07.299608" elapsed="0.000000"/>
</return>
<msg time="2026-05-27T16:55:07.299608" level="INFO">${resp} = &lt;Response [200]&gt;</msg>
<var>${resp}</var>
<arg>${ue_id}</arg>
<doc>Retrieves information about a specific UE.</doc>
<status status="PASS" start="2026-05-27T16:55:07.288457" elapsed="0.011151"/>
</kw>
<kw name="Set Variable" owner="BuiltIn">
<msg time="2026-05-27T16:55:07.302188" level="INFO">${json_body} = {'ue_id': 1, 'bearers': {'9': {'bearer_id': 9, 'protocol': None, 'target_bps': None, 'active': False}, '1': {'bearer_id': 1, 'protocol': None, 'target_bps': None, 'active': False}, '2': {'bearer_id': ...</msg>
<var>${json_body}</var>
<arg>${resp.json()}</arg>
<doc>Returns the given values which can then be assigned to a variables.</doc>
<status status="PASS" start="2026-05-27T16:55:07.301128" elapsed="0.001060"/>
</kw>
<kw name="Get From Dictionary" owner="Collections">
<msg time="2026-05-27T16:55:07.303144" level="INFO">${bearers} = {'9': {'bearer_id': 9, 'protocol': None, 'target_bps': None, 'active': False}, '1': {'bearer_id': 1, 'protocol': None, 'target_bps': None, 'active': False}, '2': {'bearer_id': 2, 'protocol': None, 'ta...</msg>
<var>${bearers}</var>
<arg>${json_body}</arg>
<arg>bearers</arg>
<doc>Returns a value from the given ``dictionary`` based on the given ``key``.</doc>
<status status="PASS" start="2026-05-27T16:55:07.302188" elapsed="0.000956"/>
</kw>
<kw name="Get Length" owner="BuiltIn">
<msg time="2026-05-27T16:55:07.305372" level="INFO">Length is 9.</msg>
<msg time="2026-05-27T16:55:07.305372" level="INFO">${count} = 9</msg>
<var>${count}</var>
<arg>${bearers}</arg>
<doc>Returns and logs the length of the given item as an integer.</doc>
<status status="PASS" start="2026-05-27T16:55:07.303144" elapsed="0.002228"/>
</kw>
<kw name="Should Be Equal As Integers" owner="BuiltIn">
<msg time="2026-05-27T16:55:07.305886" level="INFO">Argument types are:
&lt;class 'int'&gt;
&lt;class 'str'&gt;</msg>
<arg>${count}</arg>
<arg>${bearers_count}</arg>
<doc>Fails if objects are unequal after converting them to integers.</doc>
<status status="PASS" start="2026-05-27T16:55:07.305886" elapsed="0.000000"/>
</kw>
<status status="PASS" start="2026-05-27T16:55:07.287455" elapsed="0.018431"/>
</kw>
<kw name="Reset EPC" owner="EPC_API" type="TEARDOWN">
<kw name="POST" owner="EPC_API">
<kw name="Request" owner="EpcRequests">
<msg time="2026-05-27T16:55:07.330574" level="INFO">${resp} = &lt;Response [200]&gt;</msg>
<var>${resp}</var>
<arg>POST</arg>
<arg>${BASE_URL}${endpoint}</arg>
<arg>${body}</arg>
<status status="PASS" start="2026-05-27T16:55:07.309165" elapsed="0.021409"/>
</kw>
<return>
<value>${resp}</value>
<status status="PASS" start="2026-05-27T16:55:07.331578" elapsed="0.000000"/>
</return>
<msg time="2026-05-27T16:55:07.331578" level="INFO">${resp} = &lt;Response [200]&gt;</msg>
<var>${resp}</var>
<arg>/reset</arg>
<arg>${None}</arg>
<doc>Sends a POST request to the EPC API with a JSON body.</doc>
<status status="PASS" start="2026-05-27T16:55:07.307400" elapsed="0.024178"/>
</kw>
<return>
<value>${resp}</value>
<status status="PASS" start="2026-05-27T16:55:07.331578" elapsed="0.000000"/>
</return>
<doc>Resets the entire EPC simulator, clearing all UEs and bearers.</doc>
<status status="PASS" start="2026-05-27T16:55:07.307400" elapsed="0.024178"/>
</kw>
<doc>Verify adding all bearers in allowed range (without adding default one).</doc>
<tag>add</tag>
<tag>all-bearers</tag>
<tag>bearer</tag>
<tag>positive</tag>
<status status="PASS" start="2026-05-27T16:55:07.056151" elapsed="0.275427"/>
</test>
<test id="s1-s1-s1-s1-t6" name="06 Add bearer under boundary ID" line="81">
<kw name="Attach UE With ID 1" owner="EPC_Common" source_name="Attach UE With ID ${ue_id}">
<kw name="Attach UE" owner="EPC_API">
<kw name="Create Dictionary" owner="BuiltIn">
<msg time="2026-05-27T16:55:07.337654" level="INFO">${body} = {'ue_id': '1'}</msg>
<var>${body}</var>
<arg>ue_id=${ue_id}</arg>
<doc>Creates and returns a dictionary based on the given ``items``.</doc>
<status status="PASS" start="2026-05-27T16:55:07.336655" elapsed="0.000999"/>
</kw>
<kw name="POST" owner="EPC_API">
<kw name="Request" owner="EpcRequests">
<msg time="2026-05-27T16:55:07.358877" level="INFO">${resp} = &lt;Response [200]&gt;</msg>
<var>${resp}</var>
<arg>POST</arg>
<arg>${BASE_URL}${endpoint}</arg>
<arg>${body}</arg>
<status status="PASS" start="2026-05-27T16:55:07.337654" elapsed="0.021223"/>
</kw>
<return>
<value>${resp}</value>
<status status="PASS" start="2026-05-27T16:55:07.358877" elapsed="0.000000"/>
</return>
<msg time="2026-05-27T16:55:07.358877" level="INFO">${resp} = &lt;Response [200]&gt;</msg>
<var>${resp}</var>
<arg>/ues</arg>
<arg>${body}</arg>
<doc>Sends a POST request to the EPC API with a JSON body.</doc>
<status status="PASS" start="2026-05-27T16:55:07.337654" elapsed="0.021223"/>
</kw>
<return>
<value>${resp}</value>
<status status="PASS" start="2026-05-27T16:55:07.358877" elapsed="0.001356"/>
</return>
<arg>${ue_id}</arg>
<doc>Attaches a UE to the EPC simulator.</doc>
<status status="PASS" start="2026-05-27T16:55:07.335612" elapsed="0.024621"/>
</kw>
<doc>Attaches a User Equipment (UE) to the network using the provided UE ID.</doc>
<status status="PASS" start="2026-05-27T16:55:07.335612" elapsed="0.024621"/>
</kw>
<kw name="Add Bearer With ID 0 To UE With ID 1 Response With Unprocessable Entity" source_name="Add Bearer With ID ${bearer_id} To UE With ID ${ue_id} Response With Unprocessable Entity">
<kw name="Add Bearer Should Response With" owner="EPC_Bearers_Keywords">
<kw name="Add Bearer" owner="EPC_API">
<kw name="Create Dictionary" owner="BuiltIn">
<msg time="2026-05-27T16:55:07.363763" level="INFO">${body} = {'bearer_id': '0'}</msg>
<var>${body}</var>
<arg>bearer_id=${bearer_id}</arg>
<doc>Creates and returns a dictionary based on the given ``items``.</doc>
<status status="PASS" start="2026-05-27T16:55:07.363763" elapsed="0.000000"/>
</kw>
<kw name="POST" owner="EPC_API">
<kw name="Request" owner="EpcRequests">
<msg time="2026-05-27T16:55:07.373814" level="INFO">${resp} = &lt;Response [422]&gt;</msg>
<var>${resp}</var>
<arg>POST</arg>
<arg>${BASE_URL}${endpoint}</arg>
<arg>${body}</arg>
<status status="PASS" start="2026-05-27T16:55:07.365283" elapsed="0.008531"/>
</kw>
<return>
<value>${resp}</value>
<status status="PASS" start="2026-05-27T16:55:07.373814" elapsed="0.000000"/>
</return>
<msg time="2026-05-27T16:55:07.373814" level="INFO">${resp} = &lt;Response [422]&gt;</msg>
<var>${resp}</var>
<arg>/ues/${ue_id}/bearers</arg>
<arg>${body}</arg>
<doc>Sends a POST request to the EPC API with a JSON body.</doc>
<status status="PASS" start="2026-05-27T16:55:07.363763" elapsed="0.010051"/>
</kw>
<return>
<value>${resp}</value>
<status status="PASS" start="2026-05-27T16:55:07.374951" elapsed="0.000000"/>
</return>
<msg time="2026-05-27T16:55:07.374951" level="INFO">${resp} = &lt;Response [422]&gt;</msg>
<var>${resp}</var>
<arg>${ue_id}</arg>
<arg>${bearer_id}</arg>
<doc>Adds a bearer to a UE.</doc>
<status status="PASS" start="2026-05-27T16:55:07.361766" elapsed="0.013185"/>
</kw>
<kw name="Should Be Equal As Integers" owner="BuiltIn">
<msg time="2026-05-27T16:55:07.375951" level="INFO">Argument types are:
&lt;class 'int'&gt;
&lt;class 'str'&gt;</msg>
<arg>${resp.status_code}</arg>
<arg>${expected_status}</arg>
<doc>Fails if objects are unequal after converting them to integers.</doc>
<status status="PASS" start="2026-05-27T16:55:07.374951" elapsed="0.002098"/>
</kw>
<arg>422</arg>
<arg>${ue_id}</arg>
<arg>${bearer_id}</arg>
<doc>Adds a bearer to the UE and asserts that the HTTP response status code matches the expected value.</doc>
<status status="PASS" start="2026-05-27T16:55:07.360748" elapsed="0.016301"/>
</kw>
<doc>Sends a request to add a bearer and asserts that the response status code is 422 (Unprocessable Entity).</doc>
<status status="PASS" start="2026-05-27T16:55:07.360748" elapsed="0.016301"/>
</kw>
<kw name="UE With ID 1 Do Not Have Bearer With ID 0" owner="EPC_Bearers_Keywords" source_name="UE With ID ${ue_id} Do Not Have Bearer With ID ${bearer_id}">
<kw name="Get UE" owner="EPC_API">
<kw name="GET" owner="EPC_API">
<kw name="Request" owner="EpcRequests">
<msg time="2026-05-27T16:55:07.390700" level="INFO">${resp} = &lt;Response [200]&gt;</msg>
<var>${resp}</var>
<arg>GET</arg>
<arg>${BASE_URL}${endpoint}</arg>
<arg>${None}</arg>
<status status="PASS" start="2026-05-27T16:55:07.379535" elapsed="0.011165"/>
</kw>
<return>
<value>${resp}</value>
<status status="PASS" start="2026-05-27T16:55:07.391212" elapsed="0.000000"/>
</return>
<msg time="2026-05-27T16:55:07.391212" level="INFO">${resp} = &lt;Response [200]&gt;</msg>
<var>${resp}</var>
<arg>/ues/${ue_id}</arg>
<doc>Sends a GET request to the EPC API.</doc>
<status status="PASS" start="2026-05-27T16:55:07.379535" elapsed="0.011677"/>
</kw>
<return>
<value>${resp}</value>
<status status="PASS" start="2026-05-27T16:55:07.391212" elapsed="0.000000"/>
</return>
<msg time="2026-05-27T16:55:07.391212" level="INFO">${resp} = &lt;Response [200]&gt;</msg>
<var>${resp}</var>
<arg>${ue_id}</arg>
<doc>Retrieves information about a specific UE.</doc>
<status status="PASS" start="2026-05-27T16:55:07.378048" elapsed="0.013164"/>
</kw>
<kw name="Set Variable" owner="BuiltIn">
<msg time="2026-05-27T16:55:07.393746" level="INFO">${json_body} = {'ue_id': 1, 'bearers': {'9': {'bearer_id': 9, 'protocol': None, 'target_bps': None, 'active': False}}, 'stats': {}}</msg>
<var>${json_body}</var>
<arg>${resp.json()}</arg>
<doc>Returns the given values which can then be assigned to a variables.</doc>
<status status="PASS" start="2026-05-27T16:55:07.392725" elapsed="0.002019"/>
</kw>
<kw name="Dictionary Should Contain Key" owner="Collections">
<arg>${json_body}</arg>
<arg>bearers</arg>
<doc>Fails if ``key`` is not found from ``dictionary``.</doc>
<status status="PASS" start="2026-05-27T16:55:07.394744" elapsed="0.000000"/>
</kw>
<kw name="Get From Dictionary" owner="Collections">
<msg time="2026-05-27T16:55:07.395749" level="INFO">${bearers} = {'9': {'bearer_id': 9, 'protocol': None, 'target_bps': None, 'active': False}}</msg>
<var>${bearers}</var>
<arg>${json_body}</arg>
<arg>bearers</arg>
<doc>Returns a value from the given ``dictionary`` based on the given ``key``.</doc>
<status status="PASS" start="2026-05-27T16:55:07.394744" elapsed="0.001005"/>
</kw>
<kw name="Convert To String" owner="BuiltIn">
<msg time="2026-05-27T16:55:07.395749" level="INFO">${bearer_id_str} = 0</msg>
<var>${bearer_id_str}</var>
<arg>${bearer_id}</arg>
<doc>Converts the given item to a Unicode string.</doc>
<status status="PASS" start="2026-05-27T16:55:07.395749" elapsed="0.000000"/>
</kw>
<kw name="Dictionary Should Not Contain Key" owner="Collections">
<arg>${bearers}</arg>
<arg>${bearer_id_str}</arg>
<doc>Fails if ``key`` is found from ``dictionary``.</doc>
<status status="PASS" start="2026-05-27T16:55:07.395749" elapsed="0.001531"/>
</kw>
<doc>Verifies that the specified UE does not have the given bearer ID in its list of active bearers.</doc>
<status status="PASS" start="2026-05-27T16:55:07.378048" elapsed="0.019232"/>
</kw>
<kw name="Reset EPC" owner="EPC_API" type="TEARDOWN">
<kw name="POST" owner="EPC_API">
<kw name="Request" owner="EpcRequests">
<msg time="2026-05-27T16:55:07.420486" level="INFO">${resp} = &lt;Response [200]&gt;</msg>
<var>${resp}</var>
<arg>POST</arg>
<arg>${BASE_URL}${endpoint}</arg>
<arg>${body}</arg>
<status status="PASS" start="2026-05-27T16:55:07.399293" elapsed="0.021193"/>
</kw>
<return>
<value>${resp}</value>
<status status="PASS" start="2026-05-27T16:55:07.420486" elapsed="0.000000"/>
</return>
<msg time="2026-05-27T16:55:07.420486" level="INFO">${resp} = &lt;Response [200]&gt;</msg>
<var>${resp}</var>
<arg>/reset</arg>
<arg>${None}</arg>
<doc>Sends a POST request to the EPC API with a JSON body.</doc>
<status status="PASS" start="2026-05-27T16:55:07.398302" elapsed="0.022184"/>
</kw>
<return>
<value>${resp}</value>
<status status="PASS" start="2026-05-27T16:55:07.420486" elapsed="0.001012"/>
</return>
<doc>Resets the entire EPC simulator, clearing all UEs and bearers.</doc>
<status status="PASS" start="2026-05-27T16:55:07.397280" elapsed="0.024218"/>
</kw>
<doc>Verify that attempting to add a bearer with an ID below the allowed range (ID = 0) returns an Unprocessable Entity error and the bearer is not added.</doc>
<tag>add</tag>
<tag>bearer</tag>
<tag>boundary</tag>
<tag>invalid-bearer</tag>
<tag>negative</tag>
<status status="PASS" start="2026-05-27T16:55:07.333102" elapsed="0.088396"/>
</test>
<test id="s1-s1-s1-s1-t7" name="07 Add bearer above boundary ID" line="95">
<kw name="Attach UE With ID 1" owner="EPC_Common" source_name="Attach UE With ID ${ue_id}">
<kw name="Attach UE" owner="EPC_API">
<kw name="Create Dictionary" owner="BuiltIn">
<msg time="2026-05-27T16:55:07.425347" level="INFO">${body} = {'ue_id': '1'}</msg>
<var>${body}</var>
<arg>ue_id=${ue_id}</arg>
<doc>Creates and returns a dictionary based on the given ``items``.</doc>
<status status="PASS" start="2026-05-27T16:55:07.425347" elapsed="0.001009"/>
</kw>
<kw name="POST" owner="EPC_API">
<kw name="Request" owner="EpcRequests">
<msg time="2026-05-27T16:55:07.449304" level="INFO">${resp} = &lt;Response [200]&gt;</msg>
<var>${resp}</var>
<arg>POST</arg>
<arg>${BASE_URL}${endpoint}</arg>
<arg>${body}</arg>
<status status="PASS" start="2026-05-27T16:55:07.426356" elapsed="0.022948"/>
</kw>
<return>
<value>${resp}</value>
<status status="PASS" start="2026-05-27T16:55:07.450308" elapsed="0.000000"/>
</return>
<msg time="2026-05-27T16:55:07.450308" level="INFO">${resp} = &lt;Response [200]&gt;</msg>
<var>${resp}</var>
<arg>/ues</arg>
<arg>${body}</arg>
<doc>Sends a POST request to the EPC API with a JSON body.</doc>
<status status="PASS" start="2026-05-27T16:55:07.426356" elapsed="0.023952"/>
</kw>
<return>
<value>${resp}</value>
<status status="PASS" start="2026-05-27T16:55:07.450308" elapsed="0.000000"/>
</return>
<arg>${ue_id}</arg>
<doc>Attaches a UE to the EPC simulator.</doc>
<status status="PASS" start="2026-05-27T16:55:07.424090" elapsed="0.026218"/>
</kw>
<doc>Attaches a User Equipment (UE) to the network using the provided UE ID.</doc>
<status status="PASS" start="2026-05-27T16:55:07.424090" elapsed="0.026218"/>
</kw>
<kw name="Add Bearer With ID 10 To UE With ID 1 Response With Unprocessable Entity" source_name="Add Bearer With ID ${bearer_id} To UE With ID ${ue_id} Response With Unprocessable Entity">
<kw name="Add Bearer Should Response With" owner="EPC_Bearers_Keywords">
<kw name="Add Bearer" owner="EPC_API">
<kw name="Create Dictionary" owner="BuiltIn">
<msg time="2026-05-27T16:55:07.453544" level="INFO">${body} = {'bearer_id': '10'}</msg>
<var>${body}</var>
<arg>bearer_id=${bearer_id}</arg>
<doc>Creates and returns a dictionary based on the given ``items``.</doc>
<status status="PASS" start="2026-05-27T16:55:07.453544" elapsed="0.000000"/>
</kw>
<kw name="POST" owner="EPC_API">
<kw name="Request" owner="EpcRequests">
<msg time="2026-05-27T16:55:07.461117" level="INFO">${resp} = &lt;Response [422]&gt;</msg>
<var>${resp}</var>
<arg>POST</arg>
<arg>${BASE_URL}${endpoint}</arg>
<arg>${body}</arg>
<status status="PASS" start="2026-05-27T16:55:07.455067" elapsed="0.007083"/>
</kw>
<return>
<value>${resp}</value>
<status status="PASS" start="2026-05-27T16:55:07.462150" elapsed="0.000000"/>
</return>
<msg time="2026-05-27T16:55:07.462150" level="INFO">${resp} = &lt;Response [422]&gt;</msg>
<var>${resp}</var>
<arg>/ues/${ue_id}/bearers</arg>
<arg>${body}</arg>
<doc>Sends a POST request to the EPC API with a JSON body.</doc>
<status status="PASS" start="2026-05-27T16:55:07.455067" elapsed="0.007083"/>
</kw>
<return>
<value>${resp}</value>
<status status="PASS" start="2026-05-27T16:55:07.462150" elapsed="0.000000"/>
</return>
<msg time="2026-05-27T16:55:07.463184" level="INFO">${resp} = &lt;Response [422]&gt;</msg>
<var>${resp}</var>
<arg>${ue_id}</arg>
<arg>${bearer_id}</arg>
<doc>Adds a bearer to a UE.</doc>
<status status="PASS" start="2026-05-27T16:55:07.452564" elapsed="0.010620"/>
</kw>
<kw name="Should Be Equal As Integers" owner="BuiltIn">
<msg time="2026-05-27T16:55:07.464161" level="INFO">Argument types are:
&lt;class 'int'&gt;
&lt;class 'str'&gt;</msg>
<arg>${resp.status_code}</arg>
<arg>${expected_status}</arg>
<doc>Fails if objects are unequal after converting them to integers.</doc>
<status status="PASS" start="2026-05-27T16:55:07.463184" elapsed="0.000977"/>
</kw>
<arg>422</arg>
<arg>${ue_id}</arg>
<arg>${bearer_id}</arg>
<doc>Adds a bearer to the UE and asserts that the HTTP response status code matches the expected value.</doc>
<status status="PASS" start="2026-05-27T16:55:07.452564" elapsed="0.011597"/>
</kw>
<doc>Sends a request to add a bearer and asserts that the response status code is 422 (Unprocessable Entity).</doc>
<status status="PASS" start="2026-05-27T16:55:07.451531" elapsed="0.014147"/>
</kw>
<kw name="UE With ID 1 Do Not Have Bearer With ID 10" owner="EPC_Bearers_Keywords" source_name="UE With ID ${ue_id} Do Not Have Bearer With ID ${bearer_id}">
<kw name="Get UE" owner="EPC_API">
<kw name="GET" owner="EPC_API">
<kw name="Request" owner="EpcRequests">
<msg time="2026-05-27T16:55:07.480439" level="INFO">${resp} = &lt;Response [200]&gt;</msg>
<var>${resp}</var>
<arg>GET</arg>
<arg>${BASE_URL}${endpoint}</arg>
<arg>${None}</arg>
<status status="PASS" start="2026-05-27T16:55:07.468211" elapsed="0.012228"/>
</kw>
<return>
<value>${resp}</value>
<status status="PASS" start="2026-05-27T16:55:07.480439" elapsed="0.000000"/>
</return>
<msg time="2026-05-27T16:55:07.480439" level="INFO">${resp} = &lt;Response [200]&gt;</msg>
<var>${resp}</var>
<arg>/ues/${ue_id}</arg>
<doc>Sends a GET request to the EPC API.</doc>
<status status="PASS" start="2026-05-27T16:55:07.468211" elapsed="0.012228"/>
</kw>
<return>
<value>${resp}</value>
<status status="PASS" start="2026-05-27T16:55:07.480439" elapsed="0.001001"/>
</return>
<msg time="2026-05-27T16:55:07.481440" level="INFO">${resp} = &lt;Response [200]&gt;</msg>
<var>${resp}</var>
<arg>${ue_id}</arg>
<doc>Retrieves information about a specific UE.</doc>
<status status="PASS" start="2026-05-27T16:55:07.468211" elapsed="0.013229"/>
</kw>
<kw name="Set Variable" owner="BuiltIn">
<msg time="2026-05-27T16:55:07.482956" level="INFO">${json_body} = {'ue_id': 1, 'bearers': {'9': {'bearer_id': 9, 'protocol': None, 'target_bps': None, 'active': False}}, 'stats': {}}</msg>
<var>${json_body}</var>
<arg>${resp.json()}</arg>
<doc>Returns the given values which can then be assigned to a variables.</doc>
<status status="PASS" start="2026-05-27T16:55:07.481440" elapsed="0.001516"/>
</kw>
<kw name="Dictionary Should Contain Key" owner="Collections">
<arg>${json_body}</arg>
<arg>bearers</arg>
<doc>Fails if ``key`` is not found from ``dictionary``.</doc>
<status status="PASS" start="2026-05-27T16:55:07.482956" elapsed="0.000000"/>
</kw>
<kw name="Get From Dictionary" owner="Collections">
<msg time="2026-05-27T16:55:07.484472" level="INFO">${bearers} = {'9': {'bearer_id': 9, 'protocol': None, 'target_bps': None, 'active': False}}</msg>
<var>${bearers}</var>
<arg>${json_body}</arg>
<arg>bearers</arg>
<doc>Returns a value from the given ``dictionary`` based on the given ``key``.</doc>
<status status="PASS" start="2026-05-27T16:55:07.484472" elapsed="0.000000"/>
</kw>
<kw name="Convert To String" owner="BuiltIn">
<msg time="2026-05-27T16:55:07.485513" level="INFO">${bearer_id_str} = 10</msg>
<var>${bearer_id_str}</var>
<arg>${bearer_id}</arg>
<doc>Converts the given item to a Unicode string.</doc>
<status status="PASS" start="2026-05-27T16:55:07.485513" elapsed="0.000000"/>
</kw>
<kw name="Dictionary Should Not Contain Key" owner="Collections">
<arg>${bearers}</arg>
<arg>${bearer_id_str}</arg>
<doc>Fails if ``key`` is found from ``dictionary``.</doc>
<status status="PASS" start="2026-05-27T16:55:07.485513" elapsed="0.001518"/>
</kw>
<doc>Verifies that the specified UE does not have the given bearer ID in its list of active bearers.</doc>
<status status="PASS" start="2026-05-27T16:55:07.465678" elapsed="0.021353"/>
</kw>
<kw name="Reset EPC" owner="EPC_API" type="TEARDOWN">
<kw name="POST" owner="EPC_API">
<kw name="Request" owner="EpcRequests">
<msg time="2026-05-27T16:55:07.511749" level="INFO">${resp} = &lt;Response [200]&gt;</msg>
<var>${resp}</var>
<arg>POST</arg>
<arg>${BASE_URL}${endpoint}</arg>
<arg>${body}</arg>
<status status="PASS" start="2026-05-27T16:55:07.489046" elapsed="0.022703"/>
</kw>
<return>
<value>${resp}</value>
<status status="PASS" start="2026-05-27T16:55:07.511749" elapsed="0.000993"/>
</return>
<msg time="2026-05-27T16:55:07.512742" level="INFO">${resp} = &lt;Response [200]&gt;</msg>
<var>${resp}</var>
<arg>/reset</arg>
<arg>${None}</arg>
<doc>Sends a POST request to the EPC API with a JSON body.</doc>
<status status="PASS" start="2026-05-27T16:55:07.488045" elapsed="0.024697"/>
</kw>
<return>
<value>${resp}</value>
<status status="PASS" start="2026-05-27T16:55:07.512742" elapsed="0.000000"/>
</return>
<doc>Resets the entire EPC simulator, clearing all UEs and bearers.</doc>
<status status="PASS" start="2026-05-27T16:55:07.488045" elapsed="0.024697"/>
</kw>
<doc>Verify that attempting to add a bearer with an ID above the allowed range (ID = 10) returns an Unprocessable Entity error and the bearer is not added.</doc>
<tag>add</tag>
<tag>bearer</tag>
<tag>boundary</tag>
<tag>invalid-bearer</tag>
<tag>negative</tag>
<status status="PASS" start="2026-05-27T16:55:07.423020" elapsed="0.089722"/>
</test>
<test id="s1-s1-s1-s1-t8" name="08 Add bearer under boundary ID response contain correct error type" line="109">
<kw name="Attach UE With ID 1" owner="EPC_Common" source_name="Attach UE With ID ${ue_id}">
<kw name="Attach UE" owner="EPC_API">
<kw name="Create Dictionary" owner="BuiltIn">
<msg time="2026-05-27T16:55:07.517990" level="INFO">${body} = {'ue_id': '1'}</msg>
<var>${body}</var>
<arg>ue_id=${ue_id}</arg>
<doc>Creates and returns a dictionary based on the given ``items``.</doc>
<status status="PASS" start="2026-05-27T16:55:07.517990" elapsed="0.001004"/>
</kw>
<kw name="POST" owner="EPC_API">
<kw name="Request" owner="EpcRequests">
<msg time="2026-05-27T16:55:07.542467" level="INFO">${resp} = &lt;Response [200]&gt;</msg>
<var>${resp}</var>
<arg>POST</arg>
<arg>${BASE_URL}${endpoint}</arg>
<arg>${body}</arg>
<status status="PASS" start="2026-05-27T16:55:07.520117" elapsed="0.022350"/>
</kw>
<return>
<value>${resp}</value>
<status status="PASS" start="2026-05-27T16:55:07.542467" elapsed="0.000000"/>
</return>
<msg time="2026-05-27T16:55:07.543748" level="INFO">${resp} = &lt;Response [200]&gt;</msg>
<var>${resp}</var>
<arg>/ues</arg>
<arg>${body}</arg>
<doc>Sends a POST request to the EPC API with a JSON body.</doc>
<status status="PASS" start="2026-05-27T16:55:07.518994" elapsed="0.024754"/>
</kw>
<return>
<value>${resp}</value>
<status status="PASS" start="2026-05-27T16:55:07.543748" elapsed="0.000000"/>
</return>
<arg>${ue_id}</arg>
<doc>Attaches a UE to the EPC simulator.</doc>
<status status="PASS" start="2026-05-27T16:55:07.516703" elapsed="0.027045"/>
</kw>
<doc>Attaches a User Equipment (UE) to the network using the provided UE ID.</doc>
<status status="PASS" start="2026-05-27T16:55:07.515707" elapsed="0.029039"/>
</kw>
<kw name="Add Bearer With ID 0 To UE With ID 1 Response With Greater Than Equal Error Type" source_name="Add Bearer With ID ${bearer_id} To UE With ID ${ue_id} Response With Greater Than Equal Error Type">
<kw name="Add Bearer Should Response With Error Type" owner="EPC_Bearers_Keywords">
<kw name="Add Bearer" owner="EPC_API">
<kw name="Create Dictionary" owner="BuiltIn">
<msg time="2026-05-27T16:55:07.548721" level="INFO">${body} = {'bearer_id': '0'}</msg>
<var>${body}</var>
<arg>bearer_id=${bearer_id}</arg>
<doc>Creates and returns a dictionary based on the given ``items``.</doc>
<status status="PASS" start="2026-05-27T16:55:07.547294" elapsed="0.001427"/>
</kw>
<kw name="POST" owner="EPC_API">
<kw name="Request" owner="EpcRequests">
<msg time="2026-05-27T16:55:07.558055" level="INFO">${resp} = &lt;Response [422]&gt;</msg>
<var>${resp}</var>
<arg>POST</arg>
<arg>${BASE_URL}${endpoint}</arg>
<arg>${body}</arg>
<status status="PASS" start="2026-05-27T16:55:07.549724" elapsed="0.008331"/>
</kw>
<return>
<value>${resp}</value>
<status status="PASS" start="2026-05-27T16:55:07.558055" elapsed="0.001012"/>
</return>
[...]
<var>${resp}</var>
<arg>/ues</arg>
<arg>${body}</arg>
<doc>Sends a POST request to the EPC API with a JSON body.</doc>
<status status="PASS" start="2026-05-27T16:55:12.540798" elapsed="0.021954"/>
</kw>
<return>
<value>${resp}</value>
<status status="PASS" start="2026-05-27T16:55:12.562752" elapsed="0.000000"/>
</return>
<arg>${ue_id}</arg>
<doc>Attaches a UE to the EPC simulator.</doc>
<status status="PASS" start="2026-05-27T16:55:12.538429" elapsed="0.024323"/>
</kw>
<arg>${UE_VALID}</arg>
<status status="PASS" start="2026-05-27T16:55:12.536916" elapsed="0.026833"/>
</kw>
<status status="PASS" start="2026-05-27T16:55:12.536916" elapsed="0.026833"/>
</kw>
<kw name="Start Traffic With Extra Field">
<kw name="Create Dictionary" owner="BuiltIn">
<msg time="2026-05-27T16:55:12.565313" level="INFO">${payload} = {'protocol': 'tcp', 'Mbps': '3', 'extra': 'kotek'}</msg>
<var>${payload}</var>
<arg>protocol=tcp</arg>
<arg>Mbps=3</arg>
<arg>extra=kotek</arg>
<doc>Creates and returns a dictionary based on the given ``items``.</doc>
<status status="PASS" start="2026-05-27T16:55:12.564294" elapsed="0.001019"/>
</kw>
<kw name="POST" owner="EPC_API">
<kw name="Request" owner="EpcRequests">
<msg time="2026-05-27T16:55:12.600129" level="INFO">${resp} = &lt;Response [200]&gt;</msg>
<var>${resp}</var>
<arg>POST</arg>
<arg>${BASE_URL}${endpoint}</arg>
<arg>${body}</arg>
<status status="PASS" start="2026-05-27T16:55:12.566315" elapsed="0.033814"/>
</kw>
<return>
<value>${resp}</value>
<status status="PASS" start="2026-05-27T16:55:12.600129" elapsed="0.000000"/>
</return>
<msg time="2026-05-27T16:55:12.600129" level="INFO">${resp} = &lt;Response [200]&gt;</msg>
<var>${resp}</var>
<arg>/ues/${UE_VALID}/bearers/${BEARER_DEFAULT}/traffic</arg>
<arg>${payload}</arg>
<doc>Sends a POST request to the EPC API with a JSON body.</doc>
<status status="PASS" start="2026-05-27T16:55:12.565313" elapsed="0.034816"/>
</kw>
<kw name="Set Test Variable" owner="BuiltIn">
<msg time="2026-05-27T16:55:12.601134" level="INFO">${START_TRAFFIC_EXTRA_FIELD_RESPONSE} = &lt;Response [200]&gt;</msg>
<arg>${START_TRAFFIC_EXTRA_FIELD_RESPONSE}</arg>
<arg>${resp}</arg>
<doc>Makes a variable available everywhere within the scope of the current test.</doc>
<status status="PASS" start="2026-05-27T16:55:12.601134" elapsed="0.000000"/>
</kw>
<status status="PASS" start="2026-05-27T16:55:12.564294" elapsed="0.038349"/>
</kw>
<kw name="Verify Start Traffic Fails For Extra Field">
<kw name="Response Status Should Be" owner="EPC_Assertions">
<kw name="Should Be Equal As Integers" owner="BuiltIn">
<msg time="2026-05-27T16:55:12.605223" level="INFO">Argument types are:
&lt;class 'int'&gt;
&lt;class 'str'&gt;</msg>
<msg time="2026-05-27T16:55:12.605223" level="FAIL">200 != 422</msg>
<arg>${resp.status_code}</arg>
<arg>${expected}</arg>
<doc>Fails if objects are unequal after converting them to integers.</doc>
<status status="FAIL" start="2026-05-27T16:55:12.604211" elapsed="0.001012">200 != 422</status>
</kw>
<arg>${START_TRAFFIC_EXTRA_FIELD_RESPONSE}</arg>
<arg>422</arg>
<status status="FAIL" start="2026-05-27T16:55:12.602643" elapsed="0.003584">200 != 422</status>
</kw>
<status status="FAIL" start="2026-05-27T16:55:12.602643" elapsed="0.003584">200 != 422</status>
</kw>
<doc>Verifies that traffic start rejects payloads with unexpected fields.</doc>
<tag>extra-field</tag>
<tag>negative</tag>
<tag>start-traffic</tag>
<tag>traffic</tag>
<tag>validation</tag>
<status status="FAIL" start="2026-05-27T16:55:12.509091" elapsed="0.097136">200 != 422</status>
</test>
<test id="s1-s1-s4-s4-t12" name="12 Start Traffic Exceeds UE Total Limit" line="153">
<kw name="Prepare Clean EPC Environment" owner="EPC_Common">
<kw name="Reset EPC Should Succeed" owner="EPC_Common">
<kw name="Reset EPC" owner="EPC_API">
<kw name="POST" owner="EPC_API">
<kw name="Request" owner="EpcRequests">
<msg time="2026-05-27T16:55:12.632772" level="INFO">${resp} = &lt;Response [200]&gt;</msg>
<var>${resp}</var>
<arg>POST</arg>
<arg>${BASE_URL}${endpoint}</arg>
<arg>${body}</arg>
<status status="PASS" start="2026-05-27T16:55:12.611305" elapsed="0.021467"/>
</kw>
<return>
<value>${resp}</value>
<status status="PASS" start="2026-05-27T16:55:12.633769" elapsed="0.000000"/>
</return>
<msg time="2026-05-27T16:55:12.633769" level="INFO">${resp} = &lt;Response [200]&gt;</msg>
<var>${resp}</var>
<arg>/reset</arg>
<arg>${None}</arg>
<doc>Sends a POST request to the EPC API with a JSON body.</doc>
<status status="PASS" start="2026-05-27T16:55:12.611305" elapsed="0.022464"/>
</kw>
<return>
<value>${resp}</value>
<status status="PASS" start="2026-05-27T16:55:12.633769" elapsed="0.000000"/>
</return>
<msg time="2026-05-27T16:55:12.633769" level="INFO">${resp} = &lt;Response [200]&gt;</msg>
<var>${resp}</var>
<doc>Resets the entire EPC simulator, clearing all UEs and bearers.</doc>
<status status="PASS" start="2026-05-27T16:55:12.611305" elapsed="0.022464"/>
</kw>
<kw name="Response Status Should Be" owner="EPC_Assertions">
<kw name="Should Be Equal As Integers" owner="BuiltIn">
<msg time="2026-05-27T16:55:12.636099" level="INFO">Argument types are:
&lt;class 'int'&gt;
&lt;class 'str'&gt;</msg>
<arg>${resp.status_code}</arg>
<arg>${expected}</arg>
<doc>Fails if objects are unequal after converting them to integers.</doc>
<status status="PASS" start="2026-05-27T16:55:12.634766" elapsed="0.001333"/>
</kw>
<arg>${resp}</arg>
<arg>200</arg>
<status status="PASS" start="2026-05-27T16:55:12.634766" elapsed="0.001333"/>
</kw>
<status status="PASS" start="2026-05-27T16:55:12.610310" elapsed="0.025789"/>
</kw>
<doc>Backward-compatible alias for suite setup readability.</doc>
<status status="PASS" start="2026-05-27T16:55:12.609325" elapsed="0.028213"/>
</kw>
<kw name="Attach The Default UE" owner="EPC_Common">
<kw name="Attach UE To Network" owner="EPC_Common">
<kw name="Attach UE" owner="EPC_API">
<kw name="Create Dictionary" owner="BuiltIn">
<msg time="2026-05-27T16:55:12.640087" level="INFO">${body} = {'ue_id': '10'}</msg>
<var>${body}</var>
<arg>ue_id=${ue_id}</arg>
<doc>Creates and returns a dictionary based on the given ``items``.</doc>
<status status="PASS" start="2026-05-27T16:55:12.640087" elapsed="0.000000"/>
</kw>
<kw name="POST" owner="EPC_API">
<kw name="Request" owner="EpcRequests">
<msg time="2026-05-27T16:55:12.661502" level="INFO">${resp} = &lt;Response [200]&gt;</msg>
<var>${resp}</var>
<arg>POST</arg>
<arg>${BASE_URL}${endpoint}</arg>
<arg>${body}</arg>
<status status="PASS" start="2026-05-27T16:55:12.641109" elapsed="0.020393"/>
</kw>
<return>
<value>${resp}</value>
<status status="PASS" start="2026-05-27T16:55:12.661502" elapsed="0.000000"/>
</return>
<msg time="2026-05-27T16:55:12.661502" level="INFO">${resp} = &lt;Response [200]&gt;</msg>
<var>${resp}</var>
<arg>/ues</arg>
<arg>${body}</arg>
<doc>Sends a POST request to the EPC API with a JSON body.</doc>
<status status="PASS" start="2026-05-27T16:55:12.641109" elapsed="0.020393"/>
</kw>
<return>
<value>${resp}</value>
<status status="PASS" start="2026-05-27T16:55:12.661502" elapsed="0.000000"/>
</return>
<arg>${ue_id}</arg>
<doc>Attaches a UE to the EPC simulator.</doc>
<status status="PASS" start="2026-05-27T16:55:12.638539" elapsed="0.024489"/>
</kw>
<arg>${UE_VALID}</arg>
<status status="PASS" start="2026-05-27T16:55:12.638539" elapsed="0.024489"/>
</kw>
<status status="PASS" start="2026-05-27T16:55:12.637851" elapsed="0.025177"/>
</kw>
<kw name="Add Additional Bearer For UE">
<kw name="Add Bearer" owner="EPC_API">
<kw name="Create Dictionary" owner="BuiltIn">
<msg time="2026-05-27T16:55:12.666559" level="INFO">${body} = {'bearer_id': '1'}</msg>
<var>${body}</var>
<arg>bearer_id=${bearer_id}</arg>
<doc>Creates and returns a dictionary based on the given ``items``.</doc>
<status status="PASS" start="2026-05-27T16:55:12.665045" elapsed="0.001514"/>
</kw>
<kw name="POST" owner="EPC_API">
<kw name="Request" owner="EpcRequests">
<msg time="2026-05-27T16:55:12.684548" level="INFO">${resp} = &lt;Response [200]&gt;</msg>
<var>${resp}</var>
<arg>POST</arg>
<arg>${BASE_URL}${endpoint}</arg>
<arg>${body}</arg>
<status status="PASS" start="2026-05-27T16:55:12.666559" elapsed="0.017989"/>
</kw>
<return>
<value>${resp}</value>
<status status="PASS" start="2026-05-27T16:55:12.684548" elapsed="0.000000"/>
</return>
<msg time="2026-05-27T16:55:12.684548" level="INFO">${resp} = &lt;Response [200]&gt;</msg>
<var>${resp}</var>
<arg>/ues/${ue_id}/bearers</arg>
<arg>${body}</arg>
<doc>Sends a POST request to the EPC API with a JSON body.</doc>
<status status="PASS" start="2026-05-27T16:55:12.666559" elapsed="0.017989"/>
</kw>
<return>
<value>${resp}</value>
<status status="PASS" start="2026-05-27T16:55:12.685542" elapsed="0.000000"/>
</return>
<msg time="2026-05-27T16:55:12.685542" level="INFO">${resp} = &lt;Response [200]&gt;</msg>
<var>${resp}</var>
<arg>${UE_VALID}</arg>
<arg>1</arg>
<doc>Adds a bearer to a UE.</doc>
<status status="PASS" start="2026-05-27T16:55:12.664048" elapsed="0.021494"/>
</kw>
<kw name="Response Status Should Be" owner="EPC_Assertions">
<kw name="Should Be Equal As Integers" owner="BuiltIn">
<msg time="2026-05-27T16:55:12.687943" level="INFO">Argument types are:
&lt;class 'int'&gt;
&lt;class 'str'&gt;</msg>
<arg>${resp.status_code}</arg>
<arg>${expected}</arg>
<doc>Fails if objects are unequal after converting them to integers.</doc>
<status status="PASS" start="2026-05-27T16:55:12.685542" elapsed="0.002401"/>
</kw>
<arg>${resp}</arg>
<arg>200</arg>
<status status="PASS" start="2026-05-27T16:55:12.685542" elapsed="0.002401"/>
</kw>
<status status="PASS" start="2026-05-27T16:55:12.663028" elapsed="0.024915"/>
</kw>
<kw name="Start Traffic On Default Bearer With Speed">
<kw name="Start Traffic" owner="EPC_API">
<kw name="Create Dictionary" owner="BuiltIn">
<msg time="2026-05-27T16:55:12.690877" level="INFO">${body} = {'protocol': 'tcp', 'Mbps': '80'}</msg>
<var>${body}</var>
<arg>protocol=${protocol}</arg>
<arg>Mbps=${Mbps}</arg>
<doc>Creates and returns a dictionary based on the given ``items``.</doc>
<status status="PASS" start="2026-05-27T16:55:12.690365" elapsed="0.001532"/>
</kw>
<kw name="POST" owner="EPC_API">
<kw name="Request" owner="EpcRequests">
<msg time="2026-05-27T16:55:12.738437" level="INFO">${resp} = &lt;Response [200]&gt;</msg>
<var>${resp}</var>
<arg>POST</arg>
<arg>${BASE_URL}${endpoint}</arg>
<arg>${body}</arg>
<status status="PASS" start="2026-05-27T16:55:12.692895" elapsed="0.046542"/>
</kw>
<return>
<value>${resp}</value>
<status status="PASS" start="2026-05-27T16:55:12.739437" elapsed="0.000000"/>
</return>
<msg time="2026-05-27T16:55:12.739437" level="INFO">${resp} = &lt;Response [200]&gt;</msg>
<var>${resp}</var>
<arg>/ues/${ue_id}/bearers/${bearer_id}/traffic</arg>
<arg>${body}</arg>
<doc>Sends a POST request to the EPC API with a JSON body.</doc>
<status status="PASS" start="2026-05-27T16:55:12.691897" elapsed="0.047540"/>
</kw>
<return>
<value>${resp}</value>
<status status="PASS" start="2026-05-27T16:55:12.740437" elapsed="0.000000"/>
</return>
<msg time="2026-05-27T16:55:12.740437" level="INFO">${resp} = &lt;Response [200]&gt;</msg>
<var>${resp}</var>
<arg>${UE_VALID}</arg>
<arg>${BEARER_DEFAULT}</arg>
<arg>${TRAFFIC_PROTOCOL}</arg>
<arg>${mbps}</arg>
<doc>Starts traffic on a specific bearer.</doc>
<status status="PASS" start="2026-05-27T16:55:12.689009" elapsed="0.051428"/>
</kw>
<kw name="Set Test Variable" owner="BuiltIn">
<msg time="2026-05-27T16:55:12.742538" level="INFO">${START_TRAFFIC_DEFAULT_SPEED_RESPONSE} = &lt;Response [200]&gt;</msg>
<arg>${START_TRAFFIC_DEFAULT_SPEED_RESPONSE}</arg>
<arg>${resp}</arg>
<doc>Makes a variable available everywhere within the scope of the current test.</doc>
<status status="PASS" start="2026-05-27T16:55:12.740437" elapsed="0.002101"/>
</kw>
<arg>80</arg>
<status status="PASS" start="2026-05-27T16:55:12.687943" elapsed="0.055614"/>
</kw>
<kw name="Start Traffic On Additional Bearer With Speed">
<kw name="Start Traffic" owner="EPC_API">
<kw name="Create Dictionary" owner="BuiltIn">
<msg time="2026-05-27T16:55:12.746573" level="INFO">${body} = {'protocol': 'tcp', 'Mbps': '80'}</msg>
<var>${body}</var>
<arg>protocol=${protocol}</arg>
<arg>Mbps=${Mbps}</arg>
<doc>Creates and returns a dictionary based on the given ``items``.</doc>
<status status="PASS" start="2026-05-27T16:55:12.745558" elapsed="0.001015"/>
</kw>
<kw name="POST" owner="EPC_API">
<kw name="Request" owner="EpcRequests">
<msg time="2026-05-27T16:55:12.788507" level="INFO">${resp} = &lt;Response [200]&gt;</msg>
<var>${resp}</var>
<arg>POST</arg>
<arg>${BASE_URL}${endpoint}</arg>
<arg>${body}</arg>
<status status="PASS" start="2026-05-27T16:55:12.748069" elapsed="0.040438"/>
</kw>
<return>
<value>${resp}</value>
<status status="PASS" start="2026-05-27T16:55:12.788507" elapsed="0.001096"/>
</return>
<msg time="2026-05-27T16:55:12.789603" level="INFO">${resp} = &lt;Response [200]&gt;</msg>
<var>${resp}</var>
<arg>/ues/${ue_id}/bearers/${bearer_id}/traffic</arg>
<arg>${body}</arg>
<doc>Sends a POST request to the EPC API with a JSON body.</doc>
<status status="PASS" start="2026-05-27T16:55:12.747558" elapsed="0.042045"/>
</kw>
<return>
<value>${resp}</value>
<status status="PASS" start="2026-05-27T16:55:12.789603" elapsed="0.000000"/>
</return>
<msg time="2026-05-27T16:55:12.789603" level="INFO">${resp} = &lt;Response [200]&gt;</msg>
<var>${resp}</var>
<arg>${UE_VALID}</arg>
<arg>1</arg>
<arg>${TRAFFIC_PROTOCOL}</arg>
<arg>${mbps}</arg>
<doc>Starts traffic on a specific bearer.</doc>
<status status="PASS" start="2026-05-27T16:55:12.744558" elapsed="0.045045"/>
</kw>
<kw name="Set Test Variable" owner="BuiltIn">
<msg time="2026-05-27T16:55:12.792132" level="INFO">${START_TRAFFIC_ADDITIONAL_SPEED_RESPONSE} = &lt;Response [200]&gt;</msg>
<arg>${START_TRAFFIC_ADDITIONAL_SPEED_RESPONSE}</arg>
<arg>${resp}</arg>
<doc>Makes a variable available everywhere within the scope of the current test.</doc>
<status status="PASS" start="2026-05-27T16:55:12.789603" elapsed="0.002529"/>
</kw>
<arg>80</arg>
<status status="PASS" start="2026-05-27T16:55:12.743557" elapsed="0.048575"/>
</kw>
<kw name="Verify Second Start Fails For UE Limit">
<kw name="Response Status Should Be" owner="EPC_Assertions">
<kw name="Should Be Equal As Integers" owner="BuiltIn">
<msg time="2026-05-27T16:55:12.795667" level="INFO">Argument types are:
&lt;class 'int'&gt;
&lt;class 'str'&gt;</msg>
<msg time="2026-05-27T16:55:12.795667" level="FAIL">200 != 422</msg>
<arg>${resp.status_code}</arg>
<arg>${expected}</arg>
<doc>Fails if objects are unequal after converting them to integers.</doc>
<status status="FAIL" start="2026-05-27T16:55:12.794645" elapsed="0.001022">200 != 422</status>
</kw>
<arg>${START_TRAFFIC_ADDITIONAL_SPEED_RESPONSE}</arg>
<arg>422</arg>
<status status="FAIL" start="2026-05-27T16:55:12.793131" elapsed="0.004047">200 != 422</status>
</kw>
<status status="FAIL" start="2026-05-27T16:55:12.793131" elapsed="0.004047">200 != 422</status>
</kw>
<kw name="Stop Traffic" owner="EPC_API">
<arg>${UE_VALID}</arg>
<arg>${BEARER_DEFAULT}</arg>
<doc>Stops traffic on a specific bearer.</doc>
<status status="NOT RUN" start="2026-05-27T16:55:12.797838" elapsed="0.000000"/>
</kw>
<kw name="Stop Traffic" owner="EPC_API">
<arg>${UE_VALID}</arg>
<arg>1</arg>
<doc>Stops traffic on a specific bearer.</doc>
<status status="NOT RUN" start="2026-05-27T16:55:12.798568" elapsed="0.000000"/>
</kw>
<doc>Verifies that total traffic across bearers does not exceed 100 Mbps per UE.</doc>
<tag>negative</tag>
<tag>start-traffic</tag>
<tag>traffic</tag>
<tag>ue-limit</tag>
<status status="FAIL" start="2026-05-27T16:55:12.608288" elapsed="0.190280">200 != 422</status>
</test>
<doc>Start traffic validation tests for EPC simulator</doc>
<status status="FAIL" start="2026-05-27T16:55:11.606501" elapsed="1.194602"/>
</suite>
<status status="FAIL" start="2026-05-27T16:55:09.355761" elapsed="3.447345"/>
</suite>
<status status="FAIL" start="2026-05-27T16:55:06.243875" elapsed="6.561746"/>
</suite>
<status status="FAIL" start="2026-05-27T16:55:06.137442" elapsed="6.669689"/>
</suite>
<statistics>
<total>
<stat pass="32" fail="20" skip="0">All Tests</stat>
</total>
<tag>
<stat pass="10" fail="2" skip="0">add</stat>
<stat pass="1" fail="0" skip="0">aggregate</stat>
<stat pass="2" fail="1" skip="0">all-bearers</stat>
<stat pass="0" fail="1" skip="0">attach-zero</stat>
<stat pass="14" fail="6" skip="0">bearer</stat>
<stat pass="4" fail="0" skip="0">boundary</stat>
<stat pass="1" fail="0" skip="0">bps</stat>
<stat pass="2" fail="0" skip="0">cleanup</stat>
<stat pass="3" fail="3" skip="0">connection</stat>
<stat pass="1" fail="1" skip="0">default</stat>
<stat pass="1" fail="2" skip="0">detach</stat>
<stat pass="0" fail="1" skip="0">documentation-gap</stat>
<stat pass="0" fail="1" skip="0">duplicate</stat>
<stat pass="1" fail="0" skip="0">duplicate-attach</stat>
<stat pass="2" fail="0" skip="0">error-type</stat>
<stat pass="0" fail="2" skip="0">exploratory</stat>
<stat pass="0" fail="1" skip="0">extra-field</stat>
<stat pass="0" fail="1" skip="0">inactive-bearer</stat>
<stat pass="1" fail="0" skip="0">integration</stat>
<stat pass="6" fail="1" skip="0">invalid-bearer</stat>
<stat pass="3" fail="0" skip="0">invalid-protocol</stat>
<stat pass="0" fail="1" skip="0">invalid-speed</stat>
<stat pass="2" fail="3" skip="0">invalid-ue</stat>
<stat pass="1" fail="0" skip="0">kbps</stat>
<stat pass="2" fail="2" skip="0">missing-id</stat>
<stat pass="16" fail="16" skip="0">negative</stat>
<stat pass="0" fail="1" skip="0">not-attached</stat>
<stat pass="2" fail="0" skip="0">openapi</stat>
<stat pass="15" fail="3" skip="0">positive</stat>
<stat pass="3" fail="3" skip="0">remove</stat>
<stat pass="3" fail="0" skip="0">reset</stat>
<stat pass="2" fail="0" skip="0">response</stat>
<stat pass="3" fail="0" skip="0">simulator</stat>
<stat pass="1" fail="2" skip="0">single-bearer</stat>
<stat pass="1" fail="0" skip="0">smoke</stat>
<stat pass="6" fail="6" skip="0">start-traffic</stat>
<stat pass="0" fail="1" skip="0">stats</stat>
<stat pass="12" fail="11" skip="0">traffic</stat>
<stat pass="1" fail="0" skip="0">type</stat>
<stat pass="0" fail="1" skip="0">ue-limit</stat>
<stat pass="0" fail="2" skip="0">validation</stat>
</tag>
<suite>
<stat name="Roboto" id="s1" pass="32" fail="20" skip="0">Roboto</stat>
<stat name="Tests" id="s1-s1" pass="32" fail="20" skip="0">Roboto.Tests</stat>
<stat name="Bearer" id="s1-s1-s1" pass="14" fail="6" skip="0">Roboto.Tests.Bearer</stat>
<stat name="Add Bearer" id="s1-s1-s1-s1" pass="10" fail="2" skip="0">Roboto.Tests.Bearer.Add Bearer</stat>
<stat name="Default Bearer" id="s1-s1-s1-s2" pass="1" fail="1" skip="0">Roboto.Tests.Bearer.Default Bearer</stat>
<stat name="Remove Bearer" id="s1-s1-s1-s3" pass="3" fail="3" skip="0">Roboto.Tests.Bearer.Remove Bearer</stat>
<stat name="Connection" id="s1-s1-s2" pass="3" fail="3" skip="0">Roboto.Tests.Connection</stat>
<stat name="Connection" id="s1-s1-s2-s1" pass="2" fail="1" skip="0">Roboto.Tests.Connection.Connection</stat>
<stat name="Detach" id="s1-s1-s2-s2" pass="1" fail="2" skip="0">Roboto.Tests.Connection.Detach</stat>
<stat name="Reset" id="s1-s1-s3" pass="3" fail="0" skip="0">Roboto.Tests.Reset</stat>
<stat name="Reset Simulator" id="s1-s1-s3-s1" pass="3" fail="0" skip="0">Roboto.Tests.Reset.Reset Simulator</stat>
<stat name="Traffic" id="s1-s1-s4" pass="12" fail="11" skip="0">Roboto.Tests.Traffic</stat>
<stat name="All Bearers Traffic" id="s1-s1-s4-s1" pass="1" fail="1" skip="0">Roboto.Tests.Traffic.All Bearers Traffic</stat>
<stat name="Invalid Traffic" id="s1-s1-s4-s2" pass="4" fail="2" skip="0">Roboto.Tests.Traffic.Invalid Traffic</stat>
<stat name="Single Bearer Traffic" id="s1-s1-s4-s3" pass="1" fail="2" skip="0">Roboto.Tests.Traffic.Single Bearer Traffic</stat>
<stat name="Start Traffic" id="s1-s1-s4-s4" pass="6" fail="6" skip="0">Roboto.Tests.Traffic.Start Traffic</stat>
</suite>
</statistics>
<errors>
</errors>
</robot>
